================================================================
== Design Size Report
================================================================

* C-Synthesis has not completed!

* Total Instructions per Compilation Phase
+---------------+--------------+----------------------------------------------------------------------------------+
| Phase         | Instructions | Description                                                                      |
+---------------+--------------+----------------------------------------------------------------------------------+
| Compile/Link  | 33,459       | After all functions are compiled and linked into a single design                 |
| Unroll/Inline | pending      | After user unroll and inline pragmas are applied                                 |
| Array/Struct  |              | After user array partition and struct aggregate/disaggregate pragmas are applied |
| Performance   |              | After transformations are applied to meet performance pragma targets             |
| HW Transforms |              | After hardware transfomations                                                    |
+---------------+--------------+----------------------------------------------------------------------------------+

* Instructions per Function for each Compilation Phase
+-----------------------+-----------------------+--------------+
| Function              | Location              | Compile/Link |
+-----------------------+-----------------------+--------------+
| + cordiccart2pol      | cordiccart2pol.cpp:32 | 33,459       |
|  + init_cart2pol_LUTs | cordiccart2pol.cpp:4  | 33,023       |
|     atan2f            | atan2float.cpp:6      | 31,631       |
+-----------------------+-----------------------+--------------+

* Design Size Message Settings
+---------------------------------------------+--------+------------------------------------------------------------------+
| Message Setting                             | Value  | Description                                                      |
+---------------------------------------------+--------+------------------------------------------------------------------+
| config_compile -design_size_maximum_warning | 100000 | Show a warning when total design instructions exceeds this value |
+---------------------------------------------+--------+------------------------------------------------------------------+


