Thu Oct 23 03:52:56 2025: Running xcd server. This server was built by gradle.
Thu Oct 23 03:52:56 2025: Server was asked to start on port: '34477'
Thu Oct 23 03:52:56 2025: Server is using token UUID: '42695dba-3fae-49e5-988c-dc024e9f4106'
Thu Oct 23 03:52:56 2025: SESSION_MGR: creating session with session uuid: '6d04a3e9-ade5-4ab9-8d63-1f78fcd2ec76' and name 'default'
Thu Oct 23 03:52:56 2025: Attempting to start server on port '34477'
Thu Oct 23 03:52:56 2025: XCD main fifo: created main fifo '/tmp/xcdmain42695dba-3fae-49e5-988c-dc024e9f4106', fd read = 15
Thu Oct 23 03:52:56 2025: Running Dispatch Server
Thu Oct 23 03:52:56 2025: Version 2.2.0
Thu Oct 23 03:53:01 2025: Dispatch Server: Accepted socket connection from client
Thu Oct 23 03:53:01 2025: Starting Socket connection
Thu Oct 23 03:53:01 2025: EXCHANGE_TOKEN received, server token: 42695dba-3fae-49e5-988c-dc024e9f4106, passed token: 42695dba-3fae-49e5-988c-dc024e9f4106
Thu Oct 23 03:53:01 2025: SESSION_MGR: creating session with session uuid: '9ed66cfd-0c97-4945-9bd5-3460fbbac8ab' and name 'vitis_hls'
Thu Oct 23 03:53:01 2025: KERNEL_SVC: creating session with uuid: '9ed66cfd-0c97-4945-9bd5-3460fbbac8ab' and name 'vitis_hls'
Thu Oct 23 03:53:01 2025: GUIDANCE_SMGR: creating guidance session with uuid: '9ed66cfd-0c97-4945-9bd5-3460fbbac8ab' and name 'vitis_hls'
Thu Oct 23 04:10:59 2025: STOP_SERVER received, server token: 42695dba-3fae-49e5-988c-dc024e9f4106, passed token: 42695dba-3fae-49e5-988c-dc024e9f4106
Thu Oct 23 04:10:59 2025: Socket received request to stop server.
Thu Oct 23 04:10:59 2025: Dispatch Server: do_await_stop
Thu Oct 23 04:10:59 2025: Dispatch Server: stopping mainFifo_
Thu Oct 23 04:10:59 2025: XCD main fifo: Stopping
Thu Oct 23 04:10:59 2025: XCD main fifo: do_read error code: Operation canceled
Thu Oct 23 04:10:59 2025: XCD main fifo: bytes_transferred: 0
Thu Oct 23 04:10:59 2025: SERVER: destructor for server bound to port 34477
Thu Oct 23 04:10:59 2025: XCD main fifo: Good unlink of /tmp/xcdmain42695dba-3fae-49e5-988c-dc024e9f4106
Thu Oct 23 04:10:59 2025: Server exiting with status 0.
Thu Oct 23 04:10:59 2025: Closing log file.
