remark: /wrk/ci/prod/2024.2/hls_product/continuous/495/2024.2/build/hls_clib/lnx64/hlsmath_csyn_common/objs/src/common/hls_cordic_tablescirc.pp.cpp:0:0: __cxx_global_var_init.127 not inlined into _GLOBAL__sub_I_hls_cordic_tablescirc.pp.cpp because it should never be inlined (cost=never)
remark: /wrk/ci/prod/2024.2/hls_product/continuous/495/2024.2/src/shared/hls/clib/hlsmath/include/FloatingPoint/hls_isnan.h:17:21: fp_struct<float>::fp_struct(float) not inlined into int generic_isnan<float>(float) because it should never be inlined (cost=never)
remark: /wrk/ci/prod/2024.2/hls_product/continuous/495/2024.2/src/shared/hls/clib/src/hls/utils/x_hls_utils.h:326:17: fp_struct<float>::data() const not inlined into fp_struct<float>::to_float() const because it should never be inlined (cost=never)
remark: /wrk/ci/prod/2024.2/hls_product/continuous/495/2024.2/src/shared/hls/clib/src/hls/utils/x_hls_utils.h:347:16: fp_struct<float>::to_float() const not inlined into fp_struct<float>::to_ieee() const because it should never be inlined (cost=never)
remark: /wrk/ci/prod/2024.2/hls_product/continuous/495/2024.2/src/shared/hls/clib/hlsmath/include/FloatingPoint/hls_nan.h:15:14: fp_struct<float>::to_ieee() const not inlined into float generic_nan<float>(char const*) because it should never be inlined (cost=never)
remark: /wrk/ci/prod/2024.2/hls_product/continuous/495/2024.2/src/shared/hls/clib/hlsmath/include/FloatingPoint/hls_copysign.h:12:16: fp_struct<float>::fp_struct(float) not inlined into float generic_copysign<float>(float, float) because it should never be inlined (cost=never)
remark: /wrk/ci/prod/2024.2/hls_product/continuous/495/2024.2/src/shared/hls/clib/hlsmath/include/FloatingPoint/hls_copysign.h:14:13: fp_struct<float>::to_ieee() const not inlined into float generic_copysign<float>(float, float) because it should never be inlined (cost=never)
remark: /wrk/ci/prod/2024.2/hls_product/continuous/495/2024.2/src/shared/hls/clib/hlsmath/include/FloatingPoint/hls_isinf.h:17:21: fp_struct<float>::fp_struct(float) not inlined into int generic_isinf<float>(float) because it should never be inlined (cost=never)
remark: /wrk/ci/prod/2024.2/hls_product/continuous/495/2024.2/src/shared/hls/clib/hlsmath/include/FloatingPoint/hls_abs.h:14:10: float generic_copysign<float>(float, float) not inlined into float generic_abs<float>(float) because it should never be inlined (cost=never)
remark: /wrk/ci/prod/2024.2/hls_product/continuous/495/2024.2/src/shared/hls/clib/hlsmath/include/FloatingPoint/hls_cordic.h:650:18: fp_struct<float>::fp_struct(float) not inlined into float cordic_::atan2_generic<float>(float, float) because it should never be inlined (cost=never)
remark: /wrk/ci/prod/2024.2/hls_product/continuous/495/2024.2/src/shared/hls/clib/hlsmath/include/FloatingPoint/hls_cordic.h:692:13: fp_struct<float>::mantissa() const not inlined into float cordic_::atan2_generic<float>(float, float) because it should never be inlined (cost=never)
remark: /wrk/ci/prod/2024.2/hls_product/continuous/495/2024.2/src/shared/hls/clib/hlsmath/include/FloatingPoint/hls_cordic.h:713:18: fp_struct<float>::fp_struct(float) not inlined into float cordic_::atan2_cordic_Q1<float>(float, float) because it should never be inlined (cost=never)
remark: /wrk/ci/prod/2024.2/hls_product/continuous/495/2024.2/src/shared/hls/clib/hlsmath/include/FloatingPoint/hls_cordic.h:715:14: fp_struct<float>::data() const not inlined into float cordic_::atan2_cordic_Q1<float>(float, float) because it should never be inlined (cost=never)
remark: /wrk/ci/prod/2024.2/hls_product/continuous/495/2024.2/src/shared/hls/clib/hlsmath/include/FloatingPoint/hls_cordic.h:716:11: fp_struct<float>::fp_struct(unsigned int) not inlined into float cordic_::atan2_cordic_Q1<float>(float, float) because it should never be inlined (cost=never)
remark: /wrk/ci/prod/2024.2/hls_product/continuous/495/2024.2/src/shared/hls/clib/hlsmath/include/FloatingPoint/hls_cordic.h:716:41: fp_struct<float>::to_ieee() const not inlined into float cordic_::atan2_cordic_Q1<float>(float, float) because it should never be inlined (cost=never)
remark: /wrk/ci/prod/2024.2/hls_product/continuous/495/2024.2/src/shared/hls/clib/hlsmath/include/FloatingPoint/hls_cordic.h:726:18: fp_struct<float>::fp_struct(float) not inlined into float cordic_::atan2_cordic<float>(float, float) because it should never be inlined (cost=never)
remark: /wrk/ci/prod/2024.2/hls_product/continuous/495/2024.2/src/shared/hls/clib/hlsmath/include/FloatingPoint/hls_cordic.h:728:10: int generic_isnan<float>(float) not inlined into float cordic_::atan2_cordic<float>(float, float) because it should never be inlined (cost=never)
remark: /wrk/ci/prod/2024.2/hls_product/continuous/495/2024.2/src/shared/hls/clib/hlsmath/include/FloatingPoint/hls_cordic.h:729:11: float generic_nan<float>(char const*) not inlined into float cordic_::atan2_cordic<float>(float, float) because it should never be inlined (cost=never)
remark: /wrk/ci/prod/2024.2/hls_product/continuous/495/2024.2/src/shared/hls/clib/hlsmath/include/FloatingPoint/hls_cordic.h:788:38: fp_struct<float>::to_ieee() const not inlined into float cordic_::atan2_cordic<float>(float, float) because it should never be inlined (cost=never)
remark: /wrk/ci/prod/2024.2/hls_product/continuous/495/2024.2/src/shared/hls/clib/hlsmath/include/FloatingPoint/hls_cordic.h:788:10: fp_struct<float>::fp_struct(unsigned int) not inlined into float cordic_::atan2_cordic<float>(float, float) because it should never be inlined (cost=never)
remark: /wrk/ci/prod/2024.2/hls_product/continuous/495/2024.2/src/shared/hls/clib/hlsmath/include/FloatingPoint/hls_cordic.h:733:47: fp_struct<float>::__signbit() const not inlined into float cordic_::atan2_cordic<float>(float, float) because it should never be inlined (cost=never)
remark: /wrk/ci/prod/2024.2/hls_product/continuous/495/2024.2/src/shared/hls/clib/hlsmath/include/FloatingPoint/hls_cordic.h:734:11: float generic_copysign<float>(float, float) not inlined into float cordic_::atan2_cordic<float>(float, float) because it should never be inlined (cost=never)
remark: /wrk/ci/prod/2024.2/hls_product/continuous/495/2024.2/src/shared/hls/clib/hlsmath/include/FloatingPoint/hls_cordic.h:786:10: float generic_abs<float>(float) not inlined into float cordic_::atan2_cordic<float>(float, float) because it should never be inlined (cost=never)
remark: /wrk/ci/prod/2024.2/hls_product/continuous/495/2024.2/src/shared/hls/clib/hlsmath/include/FloatingPoint/hls_cordic.h:779:17: int generic_isinf<float>(float) not inlined into float cordic_::atan2_cordic<float>(float, float) because it should never be inlined (cost=never)
remark: cordiccart2pol.cpp:26:23: atan2f not inlined into init_cart2pol_LUTs(ap_fixed<8, 3, (ap_q_mode)5, (ap_o_mode)3, 0>*, ap_fixed<8, 3, (ap_q_mode)5, (ap_o_mode)3, 0>*) because it should never be inlined (cost=never)
remark: cordiccart2pol.cpp:36:2: init_cart2pol_LUTs(ap_fixed<8, 3, (ap_q_mode)5, (ap_o_mode)3, 0>*, ap_fixed<8, 3, (ap_q_mode)5, (ap_o_mode)3, 0>*) not inlined into cordiccart2pol(ap_fixed<8, 3, (ap_q_mode)5, (ap_o_mode)3, 0>, ap_fixed<8, 3, (ap_q_mode)5, (ap_o_mode)3, 0>, ap_fixed<8, 3, (ap_q_mode)5, (ap_o_mode)3, 0>*, ap_fixed<8, 3, (ap_q_mode)5, (ap_o_mode)3, 0>*) because it should never be inlined (cost=never)
clang: error: unable to execute command: Killed
clang: error: clang frontend command failed due to signal (use -v to see invocation)
clang version 7.0.0 
Target: fpga64-xilinx-none
Thread model: posix
InstalledDir: /software/common/Xilinx_Vitis/Vitis/2024.2/lnx64/tools/clang-3.9-csynth/bin
clang: note: diagnostic msg: PLEASE submit a bug report to http://llvm.org/bugs/ and include the crash backtrace, preprocessed source, and associated run script.
clang: note: diagnostic msg: Error generating preprocessed source(s) - no preprocessable inputs.
