/home/linux/ieng6/students/769/zeh003/Desktop/CSE-237C-Starter/project_files/project2/cordic/HLS/cordic_LUT/cordiccart2pol.comp/hls/.autopilot/db/cordiccart2pol.pp.0.cpp:2271:5: warning: Added loop label VITIS_LOOP_676_1:   [xilinx-label-all-loops]
    for (unsigned i = low; i != high+1; ++i) {
    ^~~
    VITIS_LOOP_676_1: 
/home/linux/ieng6/students/769/zeh003/Desktop/CSE-237C-Starter/project_files/project2/cordic/HLS/cordic_LUT/cordiccart2pol.comp/hls/.autopilot/db/cordiccart2pol.pp.0.cpp:2271:5: note: FIX-IT applied suggested code changes
/home/linux/ieng6/students/769/zeh003/Desktop/CSE-237C-Starter/project_files/project2/cordic/HLS/cordic_LUT/cordiccart2pol.comp/hls/.autopilot/db/cordiccart2pol.pp.0.cpp:2285:5: warning: Added loop label VITIS_LOOP_690_1:   [xilinx-label-all-loops]
    for (unsigned i = low; i != high+1; ++i) {
    ^~~
    VITIS_LOOP_690_1: 
/home/linux/ieng6/students/769/zeh003/Desktop/CSE-237C-Starter/project_files/project2/cordic/HLS/cordic_LUT/cordiccart2pol.comp/hls/.autopilot/db/cordiccart2pol.pp.0.cpp:2285:5: note: FIX-IT applied suggested code changes
/home/linux/ieng6/students/769/zeh003/Desktop/CSE-237C-Starter/project_files/project2/cordic/HLS/cordic_LUT/cordiccart2pol.comp/hls/.autopilot/db/cordiccart2pol.pp.0.cpp:2299:5: warning: Added loop label VITIS_LOOP_704_1:   [xilinx-label-all-loops]
    for (unsigned i = low; i != high+1; ++i) {
    ^~~
    VITIS_LOOP_704_1: 
/home/linux/ieng6/students/769/zeh003/Desktop/CSE-237C-Starter/project_files/project2/cordic/HLS/cordic_LUT/cordiccart2pol.comp/hls/.autopilot/db/cordiccart2pol.pp.0.cpp:2299:5: note: FIX-IT applied suggested code changes
/home/linux/ieng6/students/769/zeh003/Desktop/CSE-237C-Starter/project_files/project2/cordic/HLS/cordic_LUT/cordiccart2pol.comp/hls/.autopilot/db/cordiccart2pol.pp.0.cpp:3921:7: warning: Added loop label VITIS_LOOP_1248_1:   [xilinx-label-all-loops]
      for (i = 0; i < __N - 1; ++i) {
      ^~~
      VITIS_LOOP_1248_1: 
/home/linux/ieng6/students/769/zeh003/Desktop/CSE-237C-Starter/project_files/project2/cordic/HLS/cordic_LUT/cordiccart2pol.comp/hls/.autopilot/db/cordiccart2pol.pp.0.cpp:3921:7: note: FIX-IT applied suggested code changes
/home/linux/ieng6/students/769/zeh003/Desktop/CSE-237C-Starter/project_files/project2/cordic/HLS/cordic_LUT/cordiccart2pol.comp/hls/.autopilot/db/cordiccart2pol.pp.0.cpp:12385:5: warning: Added loop label VITIS_LOOP_18_1:   [xilinx-label-all-loops]
    for(int i = 0; i < 6; i++)
    ^~~
    VITIS_LOOP_18_1: 
/home/linux/ieng6/students/769/zeh003/Desktop/CSE-237C-Starter/project_files/project2/cordic/HLS/cordic_LUT/cordiccart2pol.comp/hls/.autopilot/db/cordiccart2pol.pp.0.cpp:12385:5: note: FIX-IT applied suggested code changes
