Tue Oct 21 19:26:07 2025: Running xcd server. This server was built by gradle.
Tue Oct 21 19:26:07 2025: Server was asked to start on port: '33343'
Tue Oct 21 19:26:07 2025: Server is using token UUID: '1ede3c6f-ea1a-4a8f-8f45-d0dc7a6ae861'
Tue Oct 21 19:26:07 2025: SESSION_MGR: creating session with session uuid: '6d04a3e9-ade5-4ab9-8d63-1f78fcd2ec76' and name 'default'
Tue Oct 21 19:26:07 2025: Attempting to start server on port '33343'
Tue Oct 21 19:26:07 2025: XCD main fifo: created main fifo '/tmp/xcdmain1ede3c6f-ea1a-4a8f-8f45-d0dc7a6ae861', fd read = 15
Tue Oct 21 19:26:07 2025: Running Dispatch Server
Tue Oct 21 19:26:07 2025: Version 2.2.0
Tue Oct 21 19:26:07 2025: Dispatch Server: Accepted socket connection from client
Tue Oct 21 19:26:07 2025: Starting Socket connection
Tue Oct 21 19:26:07 2025: EXCHANGE_TOKEN received, server token: 1ede3c6f-ea1a-4a8f-8f45-d0dc7a6ae861, passed token: 1ede3c6f-ea1a-4a8f-8f45-d0dc7a6ae861
Tue Oct 21 19:26:07 2025: SESSION_MGR: creating session with session uuid: '209f1bc8-4534-43b0-a89e-02cef869f6d8' and name 'vitis_hls'
Tue Oct 21 19:26:07 2025: KERNEL_SVC: creating session with uuid: '209f1bc8-4534-43b0-a89e-02cef869f6d8' and name 'vitis_hls'
Tue Oct 21 19:26:07 2025: GUIDANCE_SMGR: creating guidance session with uuid: '209f1bc8-4534-43b0-a89e-02cef869f6d8' and name 'vitis_hls'
Tue Oct 21 19:26:28 2025: STOP_SERVER received, server token: 1ede3c6f-ea1a-4a8f-8f45-d0dc7a6ae861, passed token: 1ede3c6f-ea1a-4a8f-8f45-d0dc7a6ae861
Tue Oct 21 19:26:28 2025: Socket received request to stop server.
Tue Oct 21 19:26:28 2025: Dispatch Server: do_await_stop
Tue Oct 21 19:26:28 2025: Dispatch Server: stopping mainFifo_
Tue Oct 21 19:26:28 2025: XCD main fifo: Stopping
Tue Oct 21 19:26:28 2025: XCD main fifo: do_read error code: Operation canceled
Tue Oct 21 19:26:28 2025: XCD main fifo: bytes_transferred: 0
Tue Oct 21 19:26:28 2025: SERVER: destructor for server bound to port 33343
Tue Oct 21 19:26:28 2025: XCD main fifo: Good unlink of /tmp/xcdmain1ede3c6f-ea1a-4a8f-8f45-d0dc7a6ae861
Tue Oct 21 19:26:28 2025: Server exiting with status 0.
Tue Oct 21 19:26:28 2025: Closing log file.
