#-----------------------------------------------------------
# Vivado v2024.2 (64-bit)
# SW Build 5239630 on Fri Nov 08 22:34:34 MST 2024
# IP Build 5239520 on Sun Nov 10 16:12:51 MST 2024
# SharedData Build 5239561 on Fri Nov 08 14:39:27 MST 2024
# Start of session at: Fri Oct 24 16:49:13 2025
# Process ID         : 2915263
# Current directory  : /home/linux/ieng6/students/769/zeh003/Desktop/CSE-237C-Starter/project_files/project2/cordic/HLS/cordic/cordiccart2pol.comp/hls/impl/ip
# Command line       : vivado -notrace -mode batch -source run_ippack.tcl
# Log file           : /home/linux/ieng6/students/769/zeh003/Desktop/CSE-237C-Starter/project_files/project2/cordic/HLS/cordic/cordiccart2pol.comp/hls/impl/ip/vivado.log
# Journal file       : /home/linux/ieng6/students/769/zeh003/Desktop/CSE-237C-Starter/project_files/project2/cordic/HLS/cordic/cordiccart2pol.comp/hls/impl/ip/vivado.jou
# Running On         : ieng6-241.ucsd.edu
# Platform           : Linuxmint
# Operating System   : Linux Mint 22.1
# Processor Detail   : Intel(R) Xeon(R) Gold 5220 CPU @ 2.20GHz
# CPU Frequency      : 2194.843 MHz
# CPU Physical cores : 4
# CPU Logical cores  : 4
# Host memory        : 33655 MB
# Swap memory        : 1023 MB
# Total Virtual      : 34679 MB
# Available Virtual  : 23748 MB
#-----------------------------------------------------------
source run_ippack.tcl -notrace
INFO: calling package_hls_ip ip_types=vitis sysgen json_file=/home/linux/ieng6/students/769/zeh003/Desktop/CSE-237C-Starter/project_files/project2/cordic/HLS/cordic/cordiccart2pol.comp/hls/hls_data.json outdir=/home/linux/ieng6/students/769/zeh003/Desktop/CSE-237C-Starter/project_files/project2/cordic/HLS/cordic/cordiccart2pol.comp/hls/impl/ip srcdir=/home/linux/ieng6/students/769/zeh003/Desktop/CSE-237C-Starter/project_files/project2/cordic/HLS/cordic/cordiccart2pol.comp/hls sort_interfaces_ports=false
INFO: Copied 1 ipmisc file(s) to /home/linux/ieng6/students/769/zeh003/Desktop/CSE-237C-Starter/project_files/project2/cordic/HLS/cordic/cordiccart2pol.comp/hls/impl/ip/misc
INFO: Copied 11 verilog file(s) to /home/linux/ieng6/students/769/zeh003/Desktop/CSE-237C-Starter/project_files/project2/cordic/HLS/cordic/cordiccart2pol.comp/hls/impl/ip/hdl/verilog
INFO: Copied 9 vhdl file(s) to /home/linux/ieng6/students/769/zeh003/Desktop/CSE-237C-Starter/project_files/project2/cordic/HLS/cordic/cordiccart2pol.comp/hls/impl/ip/hdl/vhdl
INFO: Copied 10 swdriver file(s) to /home/linux/ieng6/students/769/zeh003/Desktop/CSE-237C-Starter/project_files/project2/cordic/HLS/cordic/cordiccart2pol.comp/hls/impl/ip/drivers
Generating 3 subcores in /home/linux/ieng6/students/769/zeh003/Desktop/CSE-237C-Starter/project_files/project2/cordic/HLS/cordic/cordiccart2pol.comp/hls/impl/ip/hdl/ip.tmp:
impl/misc/cordiccart2pol_faddfsub_32ns_32ns_32_5_full_dsp_1_ip.tcl
impl/misc/cordiccart2pol_fcmp_32ns_32ns_1_2_no_dsp_1_ip.tcl
impl/misc/cordiccart2pol_fmul_32ns_32ns_32_4_max_dsp_1_ip.tcl
create_project: Time (s): cpu = 00:00:09 ; elapsed = 00:00:12 . Memory (MB): peak = 1494.781 ; gain = 57.879 ; free physical = 12249 ; free virtual = 22221
INFO: Using COE_DIR=/home/linux/ieng6/students/769/zeh003/Desktop/CSE-237C-Starter/project_files/project2/cordic/HLS/cordic/cordiccart2pol.comp/hls/impl/ip/hdl/verilog
INFO: Generating cordiccart2pol_faddfsub_32ns_32ns_32_5_full_dsp_1_ip via file impl/misc/cordiccart2pol_faddfsub_32ns_32ns_32_5_full_dsp_1_ip.tcl
INFO: [IP_Flow 19-234] Refreshing IP repositories
INFO: [IP_Flow 19-1704] No user IP repositories specified
INFO: [IP_Flow 19-2313] Loaded Vivado IP repository '/software/common/Xilinx_Vitis/Vivado/2024.2/data/ip'.
INFO: [IP_Flow 19-1686] Generating 'Synthesis' target for IP 'cordiccart2pol_faddfsub_32ns_32ns_32_5_full_dsp_1_ip'...
INFO: [IP_Flow 19-1686] Generating 'Simulation' target for IP 'cordiccart2pol_faddfsub_32ns_32ns_32_5_full_dsp_1_ip'...
INFO: Done generating cordiccart2pol_faddfsub_32ns_32ns_32_5_full_dsp_1_ip via file impl/misc/cordiccart2pol_faddfsub_32ns_32ns_32_5_full_dsp_1_ip.tcl
INFO: Generating cordiccart2pol_fcmp_32ns_32ns_1_2_no_dsp_1_ip via file impl/misc/cordiccart2pol_fcmp_32ns_32ns_1_2_no_dsp_1_ip.tcl
INFO: [IP_Flow 19-1686] Generating 'Synthesis' target for IP 'cordiccart2pol_fcmp_32ns_32ns_1_2_no_dsp_1_ip'...
INFO: [IP_Flow 19-1686] Generating 'Simulation' target for IP 'cordiccart2pol_fcmp_32ns_32ns_1_2_no_dsp_1_ip'...
INFO: Done generating cordiccart2pol_fcmp_32ns_32ns_1_2_no_dsp_1_ip via file impl/misc/cordiccart2pol_fcmp_32ns_32ns_1_2_no_dsp_1_ip.tcl
INFO: Generating cordiccart2pol_fmul_32ns_32ns_32_4_max_dsp_1_ip via file impl/misc/cordiccart2pol_fmul_32ns_32ns_32_4_max_dsp_1_ip.tcl
INFO: [IP_Flow 19-1686] Generating 'Synthesis' target for IP 'cordiccart2pol_fmul_32ns_32ns_32_4_max_dsp_1_ip'...
INFO: [IP_Flow 19-1686] Generating 'Simulation' target for IP 'cordiccart2pol_fmul_32ns_32ns_32_4_max_dsp_1_ip'...
INFO: Done generating cordiccart2pol_fmul_32ns_32ns_32_4_max_dsp_1_ip via file impl/misc/cordiccart2pol_fmul_32ns_32ns_32_4_max_dsp_1_ip.tcl
INFO: Import ports from HDL: /home/linux/ieng6/students/769/zeh003/Desktop/CSE-237C-Starter/project_files/project2/cordic/HLS/cordic/cordiccart2pol.comp/hls/impl/ip/hdl/vhdl/cordiccart2pol.vhd (cordiccart2pol)
INFO: Add axi4lite interface s_axi_control
INFO: Add clock interface ap_clk
INFO: Add reset interface ap_rst_n
INFO: Add interrupt interface interrupt
INFO: [IP_Flow 19-234] Refreshing IP repositories
INFO: [IP_Flow 19-1704] No user IP repositories specified
INFO: [IP_Flow 19-2313] Loaded Vivado IP repository '/software/common/Xilinx_Vitis/Vivado/2024.2/data/ip'.
INFO: Calling post_process_vitis to specialize IP
INFO: Calling post_process_sysgen to specialize IP
Generating sysgen info xml from json file
INFO: Created IP /home/linux/ieng6/students/769/zeh003/Desktop/CSE-237C-Starter/project_files/project2/cordic/HLS/cordic/cordiccart2pol.comp/hls/impl/ip/component.xml
INFO: Created IP archive /home/linux/ieng6/students/769/zeh003/Desktop/CSE-237C-Starter/project_files/project2/cordic/HLS/cordic/cordiccart2pol.comp/hls/impl/ip/xilinx_com_hls_cordiccart2pol_1_0.zip
INFO: [Common 17-206] Exiting Vivado at Fri Oct 24 16:49:53 2025...
