==============================================================
Vitis HLS - High-Level Synthesis from C, C++ and OpenCL v2024.2 (64-bit)
Tool Version Limit: 2024.11
Copyright 1986-2022 Xilinx, Inc. All Rights Reserved.
Copyright 2022-2024 Advanced Micro Devices, Inc. All Rights Reserved.

==============================================================
INFO: [HLS 200-1505] Using default flow_target 'vivado'
INFO: [HLS 200-1510] Running: add_files cordiccart2pol.cpp 
INFO: [HLS 200-10] Adding design file 'cordiccart2pol.cpp' to the project
INFO: [HLS 200-1510] Running: add_files -tb cordiccart2pol_test.cpp 
INFO: [HLS 200-10] Adding test bench file 'cordiccart2pol_test.cpp' to the project
INFO: [HLS 200-1510] Running: set_top cordiccart2pol 
INFO: [HLS 200-1510] Running: set_part xc7z020-clg400-1 
INFO: [HLS 200-1611] Setting target device to 'xc7z020-clg400-1'
INFO: [HLS 200-1510] Running: create_clock -period 10 
INFO: [SYN 201-201] Setting up clock 'default' with a period of 10ns.
INFO: [HLS 200-1510] Running: csynth_design 
INFO: [HLS 200-111] Finished File checks and directory preparation: CPU user time: 0.14 seconds. CPU system time: 0.05 seconds. Elapsed time: 7.77 seconds; current allocated memory: 659.000 MB.
INFO: [HLS 200-10] Analyzing design file 'cordiccart2pol.cpp' ... 
INFO: [HLS 200-111] Finished Source Code Analysis and Preprocessing: CPU user time: 4.48 seconds. CPU system time: 0.98 seconds. Elapsed time: 6.58 seconds; current allocated memory: 660.367 MB.
INFO: [HLS 200-777] Using interface defaults for 'Vivado' flow target.
INFO: [HLS 200-1995] There were 33,459 instructions in the design after the 'Compile/Link' phase of compilation. See the Design Size Report for more details: /home/linux/ieng6/students/769/zeh003/Desktop/CSE-237C-Starter/project_files/project2/cordic/HLS/cordic_LUT/cordiccart2pol.comp/hls/syn/report/csynth_design_size.rpt
ERROR: [HLS 200-1715] Encountered problem during source synthesis
INFO: [HLS 200-2161] Finished Command csynth_design Elapsed time: 00:18:04; Allocated memory: 26.047 MB.
