

================================================================
== Vitis HLS Report for 'cordiccart2pol_Pipeline_VITIS_LOOP_30_1'
================================================================
* Date:           Tue Oct 21 19:08:15 2025

* Version:        2024.2 (Build 5238294 on Nov  8 2024)
* Project:        cordiccart2pol.comp
* Solution:       hls (Vivado IP Flow Target)
* Product family: zynq
* Target device:  xc7z020-clg400-1


================================================================
== Performance Estimates
================================================================
+ Timing: 
    * Summary: 
    +--------+----------+----------+------------+
    |  Clock |  Target  | Estimated| Uncertainty|
    +--------+----------+----------+------------+
    |ap_clk  |  10.00 ns|  7.160 ns|     2.70 ns|
    +--------+----------+----------+------------+

+ Latency: 
    * Summary: 
    +---------+---------+----------+----------+-----+-----+------------------------------------------------+
    |  Latency (cycles) |  Latency (absolute) |  Interval |                    Pipeline                    |
    |   min   |   max   |    min   |    max   | min | max |                      Type                      |
    +---------+---------+----------+----------+-----+-----+------------------------------------------------+
    |       51|       51|  0.510 us|  0.510 us|   48|   48|  loop auto-rewind stp (delay=0 clock cycles(s))|
    +---------+---------+----------+----------+-----+-----+------------------------------------------------+

    + Detail: 
        * Instance: 
        N/A

        * Loop: 
        +-------------------+---------+---------+----------+-----------+-----------+------+----------+
        |                   |  Latency (cycles) | Iteration|  Initiation Interval  | Trip |          |
        |     Loop Name     |   min   |   max   |  Latency |  achieved |   target  | Count| Pipelined|
        +-------------------+---------+---------+----------+-----------+-----------+------+----------+
        |- VITIS_LOOP_30_1  |       49|       49|         5|          3|          1|    16|       yes|
        +-------------------+---------+---------+----------+-----------+-----------+------+----------+

============================================================
+ Verbose Summary: Synthesis Manager
============================================================
InlineROM: 1
ExposeGlobal: 0
============================================================
+ Verbose Summary: CDFG Model
============================================================
IsTopModel: 0
ResetActiveHigh: 1
IsCombinational: 0
IsDatapathOnly: 0
HasWiredReturn: 1
HasMFsm: 2
HasVarLatency: 1
IsPipeline: 0
IsRtlPipelined: 0
IsInstanceOverlapped: 0
IsDontTouch: 0
HasImplIP: 0
IsGatedGlobalClock: 0

+ Individual pipeline summary: 
  * Pipeline-0: initiation interval (II) = 3, depth = 5


============================================================
+ Verbose Summary: Schedule
============================================================
* Number of FSM states : 5
* Pipeline : 1
  Pipeline-0 : II = 3, D = 5, States = { 1 2 3 4 5 }
* Dataflow Pipeline: 0

* FSM state transitions: 
1 --> 2 
2 --> 3 
3 --> 4 
4 --> 5 
5 --> 

* FSM state operations: 

State 1 <SV = 0> <Delay = 4.91>
ST_1 : Operation 8 [1/1] (0.00ns)   --->   "%i1 = alloca i32 1"   --->   Operation 8 'alloca' 'i1' <Predicate = true> <Delay = 0.00>
ST_1 : Operation 9 [1/1] (0.00ns)   --->   "%current_x_12 = alloca i32 1"   --->   Operation 9 'alloca' 'current_x_12' <Predicate = true> <Delay = 0.00>
ST_1 : Operation 10 [1/1] (0.00ns)   --->   "%current_y_14 = alloca i32 1"   --->   Operation 10 'alloca' 'current_y_14' <Predicate = true> <Delay = 0.00>
ST_1 : Operation 11 [1/1] (0.00ns)   --->   "%current_theta5 = alloca i32 1"   --->   Operation 11 'alloca' 'current_theta5' <Predicate = true> <Delay = 0.00>
ST_1 : Operation 12 [1/1] (0.00ns)   --->   "%x_new_read = read i32 @_ssdm_op_Read.ap_auto.i32, i32 %x_new"   --->   Operation 12 'read' 'x_new_read' <Predicate = true> <Delay = 0.00>
ST_1 : Operation 13 [1/1] (0.00ns)   --->   "%y_new_read = read i32 @_ssdm_op_Read.ap_auto.i32, i32 %y_new"   --->   Operation 13 'read' 'y_new_read' <Predicate = true> <Delay = 0.00>
ST_1 : Operation 14 [1/1] (0.00ns)   --->   "%select_ln18_read = read i31 @_ssdm_op_Read.ap_auto.i31, i31 %select_ln18"   --->   Operation 14 'read' 'select_ln18_read' <Predicate = true> <Delay = 0.00>
ST_1 : Operation 15 [1/1] (0.00ns)   --->   "%select_ln18_cast = sext i31 %select_ln18_read"   --->   Operation 15 'sext' 'select_ln18_cast' <Predicate = true> <Delay = 0.00>
ST_1 : Operation 16 [1/1] (1.58ns)   --->   "%store_ln0 = store i32 %select_ln18_cast, i32 %current_theta5"   --->   Operation 16 'store' 'store_ln0' <Predicate = true> <Delay = 1.58>
ST_1 : Operation 17 [1/1] (1.58ns)   --->   "%store_ln0 = store i32 %y_new_read, i32 %current_y_14"   --->   Operation 17 'store' 'store_ln0' <Predicate = true> <Delay = 1.58>
ST_1 : Operation 18 [1/1] (1.58ns)   --->   "%store_ln0 = store i32 %x_new_read, i32 %current_x_12"   --->   Operation 18 'store' 'store_ln0' <Predicate = true> <Delay = 1.58>
ST_1 : Operation 19 [1/1] (1.58ns)   --->   "%store_ln0 = store i4 0, i4 %i1"   --->   Operation 19 'store' 'store_ln0' <Predicate = true> <Delay = 1.58>
ST_1 : Operation 20 [1/1] (0.00ns)   --->   "%br_ln0 = br void %for.body.split_ifconv"   --->   Operation 20 'br' 'br_ln0' <Predicate = true> <Delay = 0.00>
ST_1 : Operation 21 [1/1] (0.00ns)   --->   "%i1_load = load i4 %i1" [cordiccart2pol.cpp:30]   --->   Operation 21 'load' 'i1_load' <Predicate = true> <Delay = 0.00>
ST_1 : Operation 22 [1/1] (0.00ns)   --->   "%zext_ln30 = zext i4 %i1_load" [cordiccart2pol.cpp:30]   --->   Operation 22 'zext' 'zext_ln30' <Predicate = true> <Delay = 0.00>
ST_1 : Operation 23 [1/1] (0.00ns)   --->   "%Kvalues_addr = getelementptr i30 %Kvalues, i64 0, i64 %zext_ln30" [cordiccart2pol.cpp:41]   --->   Operation 23 'getelementptr' 'Kvalues_addr' <Predicate = true> <Delay = 0.00>
ST_1 : Operation 24 [2/2] (2.32ns)   --->   "%Kvalues_load = load i4 %Kvalues_addr" [cordiccart2pol.cpp:41]   --->   Operation 24 'load' 'Kvalues_load' <Predicate = true> <Delay = 2.32> <CoreInst = "ROM">   --->   Core 94 'ROM' <Latency = 1> <II = 1> <Delay = 2.32> <Storage> <Opcode : 'load'> <Ports = 0> <Width = 30> <Depth = 16> <ROM>
ST_1 : Operation 25 [1/1] (1.73ns)   --->   "%i = add i4 %i1_load, i4 1" [cordiccart2pol.cpp:30]   --->   Operation 25 'add' 'i' <Predicate = true> <Delay = 1.73> <CoreInst = "Adder">   --->   Core 1 'Adder' <Latency = 0> <II = 1> <Delay = 1.73> <FuncUnit> <Opcode : 'add' 'sub'> <InPorts = 2> <OutPorts = 1>
ST_1 : Operation 26 [1/1] (1.73ns)   --->   "%icmp_ln30 = icmp_eq  i4 %i1_load, i4 15" [cordiccart2pol.cpp:30]   --->   Operation 26 'icmp' 'icmp_ln30' <Predicate = true> <Delay = 1.73> <CoreInst = "Cmp">   --->   Core 9 'Cmp' <Latency = 0> <II = 1> <Delay = 1.73> <FuncUnit> <Opcode : 'seteq' 'setne' 'setle' 'setge' 'setlt' 'setgt'> <InPorts = 2> <OutPorts = 1>
ST_1 : Operation 27 [1/1] (1.58ns)   --->   "%store_ln30 = store i4 %i, i4 %i1" [cordiccart2pol.cpp:30]   --->   Operation 27 'store' 'store_ln30' <Predicate = true> <Delay = 1.58>
ST_1 : Operation 28 [1/1] (0.00ns)   --->   "%br_ln30 = br i1 %icmp_ln30, void %for.body.split_ifconv, void %_ZNK13ap_fixed_baseILi32ELi3ELb1EL9ap_q_mode5EL9ap_o_mode3ELi0EEmlILi32ELi3ELb1ELS0_5ELS1_3ELi0EEENS2_5RTypeIXT_EXT0_EXT1_EE4multERKS_IXT_EXT0_EXT1_EXT2_EXT3_EXT4_EE.exit.exitStub" [cordiccart2pol.cpp:30]   --->   Operation 28 'br' 'br_ln30' <Predicate = true> <Delay = 0.00>

State 2 <SV = 1> <Delay = 2.32>
ST_2 : Operation 29 [1/2] ( I:2.32ns O:2.32ns )   --->   "%Kvalues_load = load i4 %Kvalues_addr" [cordiccart2pol.cpp:41]   --->   Operation 29 'load' 'Kvalues_load' <Predicate = true> <Delay = 2.32> <CoreInst = "ROM">   --->   Core 94 'ROM' <Latency = 1> <II = 1> <Delay = 2.32> <Storage> <Opcode : 'load'> <Ports = 0> <Width = 30> <Depth = 16> <ROM>

State 3 <SV = 2> <Delay = 6.91>
ST_3 : Operation 30 [1/1] (0.00ns)   --->   "%current_x_12_load = load i32 %current_x_12" [cordiccart2pol.cpp:42]   --->   Operation 30 'load' 'current_x_12_load' <Predicate = true> <Delay = 0.00>
ST_3 : Operation 31 [1/1] (0.00ns)   --->   "%current_y_14_load = load i32 %current_y_14" [cordiccart2pol.cpp:41]   --->   Operation 31 'load' 'current_y_14_load' <Predicate = true> <Delay = 0.00>
ST_3 : Operation 32 [1/1] (0.00ns)   --->   "%tmp_4 = bitselect i1 @_ssdm_op_BitSelect.i1.i32.i32, i32 %current_y_14_load, i32 31" [cordiccart2pol.cpp:33]   --->   Operation 32 'bitselect' 'tmp_4' <Predicate = true> <Delay = 0.00>
ST_3 : Operation 33 [1/1] (0.00ns)   --->   "%sext_ln41 = sext i32 %current_y_14_load" [cordiccart2pol.cpp:41]   --->   Operation 33 'sext' 'sext_ln41' <Predicate = true> <Delay = 0.00>
ST_3 : Operation 34 [1/1] (0.00ns)   --->   "%sext_ln42 = sext i32 %current_x_12_load" [cordiccart2pol.cpp:42]   --->   Operation 34 'sext' 'sext_ln42' <Predicate = true> <Delay = 0.00>
ST_3 : Operation 35 [1/1] (0.00ns)   --->   "%zext_ln41_1 = zext i30 %Kvalues_load" [cordiccart2pol.cpp:41]   --->   Operation 35 'zext' 'zext_ln41_1' <Predicate = true> <Delay = 0.00>
ST_3 : Operation 36 [2/2] (6.91ns)   --->   "%mul_ln41 = mul i61 %zext_ln41_1, i61 %sext_ln41" [cordiccart2pol.cpp:41]   --->   Operation 36 'mul' 'mul_ln41' <Predicate = true> <Delay = 6.91> <CoreInst = "Multiplier">   --->   Core 3 'Multiplier' <Latency = 1> <II = 1> <Delay = 6.91> <FuncUnit> <Opcode : 'mul'> <InPorts = 2> <OutPorts = 1>
ST_3 : Operation 37 [2/2] (6.91ns)   --->   "%mul_ln42 = mul i61 %zext_ln41_1, i61 %sext_ln42" [cordiccart2pol.cpp:42]   --->   Operation 37 'mul' 'mul_ln42' <Predicate = true> <Delay = 6.91> <CoreInst = "Multiplier">   --->   Core 3 'Multiplier' <Latency = 1> <II = 1> <Delay = 6.91> <FuncUnit> <Opcode : 'mul'> <InPorts = 2> <OutPorts = 1>

State 4 <SV = 3> <Delay = 6.91>
ST_4 : Operation 38 [1/1] (0.00ns)   --->   "%angles_addr = getelementptr i29 %angles, i64 0, i64 %zext_ln30" [cordiccart2pol.cpp:43]   --->   Operation 38 'getelementptr' 'angles_addr' <Predicate = true> <Delay = 0.00>
ST_4 : Operation 39 [2/2] (2.32ns)   --->   "%angles_load = load i4 %angles_addr" [cordiccart2pol.cpp:43]   --->   Operation 39 'load' 'angles_load' <Predicate = true> <Delay = 2.32> <CoreInst = "ROM">   --->   Core 94 'ROM' <Latency = 1> <II = 1> <Delay = 2.32> <Storage> <Opcode : 'load'> <Ports = 0> <Width = 29> <Depth = 16> <ROM>
ST_4 : Operation 40 [1/2] (6.91ns)   --->   "%mul_ln41 = mul i61 %zext_ln41_1, i61 %sext_ln41" [cordiccart2pol.cpp:41]   --->   Operation 40 'mul' 'mul_ln41' <Predicate = true> <Delay = 6.91> <CoreInst = "Multiplier">   --->   Core 3 'Multiplier' <Latency = 1> <II = 1> <Delay = 6.91> <FuncUnit> <Opcode : 'mul'> <InPorts = 2> <OutPorts = 1>
ST_4 : Operation 41 [1/2] (6.91ns)   --->   "%mul_ln42 = mul i61 %zext_ln41_1, i61 %sext_ln42" [cordiccart2pol.cpp:42]   --->   Operation 41 'mul' 'mul_ln42' <Predicate = true> <Delay = 6.91> <CoreInst = "Multiplier">   --->   Core 3 'Multiplier' <Latency = 1> <II = 1> <Delay = 6.91> <FuncUnit> <Opcode : 'mul'> <InPorts = 2> <OutPorts = 1>

State 5 <SV = 4> <Delay = 7.16>
ST_5 : Operation 42 [1/1] (0.00ns)   --->   "%current_theta5_load = load i32 %current_theta5" [cordiccart2pol.cpp:43]   --->   Operation 42 'load' 'current_theta5_load' <Predicate = true> <Delay = 0.00>
ST_5 : Operation 43 [1/1] (0.00ns)   --->   "%specpipeline_ln13 = specpipeline void @_ssdm_op_SpecPipeline, i32 4294967295, i32 0, i32 0, i32 0, void @empty_0" [cordiccart2pol.cpp:13]   --->   Operation 43 'specpipeline' 'specpipeline_ln13' <Predicate = true> <Delay = 0.00>
ST_5 : Operation 44 [1/1] (0.00ns)   --->   "%speclooptripcount_ln13 = speclooptripcount void @_ssdm_op_SpecLoopTripCount, i64 16, i64 16, i64 16" [cordiccart2pol.cpp:13]   --->   Operation 44 'speclooptripcount' 'speclooptripcount_ln13' <Predicate = true> <Delay = 0.00>
ST_5 : Operation 45 [1/1] (0.00ns)   --->   "%specloopname_ln30 = specloopname void @_ssdm_op_SpecLoopName, void @empty_2" [cordiccart2pol.cpp:30]   --->   Operation 45 'specloopname' 'specloopname_ln30' <Predicate = true> <Delay = 0.00>
ST_5 : Operation 46 [1/1] (0.00ns)   --->   "%shl_ln = bitconcatenate i61 @_ssdm_op_BitConcatenate.i61.i32.i29, i32 %current_x_12_load, i29 0" [cordiccart2pol.cpp:41]   --->   Operation 46 'bitconcatenate' 'shl_ln' <Predicate = true> <Delay = 0.00>
ST_5 : Operation 47 [1/1] (0.00ns)   --->   "%shl_ln1 = bitconcatenate i61 @_ssdm_op_BitConcatenate.i61.i32.i29, i32 %current_y_14_load, i29 0" [cordiccart2pol.cpp:42]   --->   Operation 47 'bitconcatenate' 'shl_ln1' <Predicate = true> <Delay = 0.00>
ST_5 : Operation 48 [1/2] ( I:2.32ns O:2.32ns )   --->   "%angles_load = load i4 %angles_addr" [cordiccart2pol.cpp:43]   --->   Operation 48 'load' 'angles_load' <Predicate = true> <Delay = 2.32> <CoreInst = "ROM">   --->   Core 94 'ROM' <Latency = 1> <II = 1> <Delay = 2.32> <Storage> <Opcode : 'load'> <Ports = 0> <Width = 29> <Depth = 16> <ROM>
ST_5 : Operation 49 [1/1] (0.00ns)   --->   "%zext_ln41 = zext i29 %angles_load" [cordiccart2pol.cpp:41]   --->   Operation 49 'zext' 'zext_ln41' <Predicate = true> <Delay = 0.00>
ST_5 : Operation 50 [1/1] (3.44ns)   --->   "%sub_ln35 = sub i61 %shl_ln, i61 %mul_ln41" [cordiccart2pol.cpp:35]   --->   Operation 50 'sub' 'sub_ln35' <Predicate = (tmp_4)> <Delay = 3.44> <CoreInst = "Adder">   --->   Core 1 'Adder' <Latency = 0> <II = 1> <Delay = 3.44> <FuncUnit> <Opcode : 'add' 'sub'> <InPorts = 2> <OutPorts = 1>
ST_5 : Operation 51 [1/1] (3.44ns)   --->   "%add_ln36 = add i61 %shl_ln1, i61 %mul_ln42" [cordiccart2pol.cpp:36]   --->   Operation 51 'add' 'add_ln36' <Predicate = (tmp_4)> <Delay = 3.44> <CoreInst = "Adder">   --->   Core 1 'Adder' <Latency = 0> <II = 1> <Delay = 3.44> <FuncUnit> <Opcode : 'add' 'sub'> <InPorts = 2> <OutPorts = 1>
ST_5 : Operation 52 [1/1] (2.55ns)   --->   "%current_theta_1 = sub i32 %current_theta5_load, i32 %zext_ln41" [cordiccart2pol.cpp:37]   --->   Operation 52 'sub' 'current_theta_1' <Predicate = (tmp_4)> <Delay = 2.55> <CoreInst = "Adder">   --->   Core 1 'Adder' <Latency = 0> <II = 1> <Delay = 2.55> <FuncUnit> <Opcode : 'add' 'sub'> <InPorts = 2> <OutPorts = 1>
ST_5 : Operation 53 [1/1] (3.44ns)   --->   "%add_ln41 = add i61 %shl_ln, i61 %mul_ln41" [cordiccart2pol.cpp:41]   --->   Operation 53 'add' 'add_ln41' <Predicate = (!tmp_4)> <Delay = 3.44> <CoreInst = "Adder">   --->   Core 1 'Adder' <Latency = 0> <II = 1> <Delay = 3.44> <FuncUnit> <Opcode : 'add' 'sub'> <InPorts = 2> <OutPorts = 1>
ST_5 : Operation 54 [1/1] (3.44ns)   --->   "%sub_ln42 = sub i61 %shl_ln1, i61 %mul_ln42" [cordiccart2pol.cpp:42]   --->   Operation 54 'sub' 'sub_ln42' <Predicate = (!tmp_4)> <Delay = 3.44> <CoreInst = "Adder">   --->   Core 1 'Adder' <Latency = 0> <II = 1> <Delay = 3.44> <FuncUnit> <Opcode : 'add' 'sub'> <InPorts = 2> <OutPorts = 1>
ST_5 : Operation 55 [1/1] (2.55ns)   --->   "%current_theta_2 = add i32 %zext_ln41, i32 %current_theta5_load" [cordiccart2pol.cpp:43]   --->   Operation 55 'add' 'current_theta_2' <Predicate = (!tmp_4)> <Delay = 2.55> <CoreInst = "Adder">   --->   Core 1 'Adder' <Latency = 0> <II = 1> <Delay = 2.55> <FuncUnit> <Opcode : 'add' 'sub'> <InPorts = 2> <OutPorts = 1>
ST_5 : Operation 56 [1/1] (0.69ns)   --->   "%current_theta = select i1 %tmp_4, i32 %current_theta_1, i32 %current_theta_2" [cordiccart2pol.cpp:33]   --->   Operation 56 'select' 'current_theta' <Predicate = true> <Delay = 0.69> <CoreInst = "Sel">   --->   Core 73 'Sel' <Latency = 0> <II = 1> <Delay = 0.69> <FuncUnit> <Opcode : 'select'> <InPorts = 3> <OutPorts = 1>
ST_5 : Operation 57 [1/1] (0.00ns)   --->   "%tmp = partselect i32 @_ssdm_op_PartSelect.i32.i61.i32.i32, i61 %add_ln36, i32 29, i32 60" [cordiccart2pol.cpp:42]   --->   Operation 57 'partselect' 'tmp' <Predicate = (tmp_4)> <Delay = 0.00>
ST_5 : Operation 58 [1/1] (0.00ns)   --->   "%tmp_1 = partselect i32 @_ssdm_op_PartSelect.i32.i61.i32.i32, i61 %sub_ln42, i32 29, i32 60" [cordiccart2pol.cpp:42]   --->   Operation 58 'partselect' 'tmp_1' <Predicate = (!tmp_4)> <Delay = 0.00>
ST_5 : Operation 59 [1/1] (0.69ns)   --->   "%current_y = select i1 %tmp_4, i32 %tmp, i32 %tmp_1" [cordiccart2pol.cpp:33]   --->   Operation 59 'select' 'current_y' <Predicate = true> <Delay = 0.69> <CoreInst = "Sel">   --->   Core 73 'Sel' <Latency = 0> <II = 1> <Delay = 0.69> <FuncUnit> <Opcode : 'select'> <InPorts = 3> <OutPorts = 1>
ST_5 : Operation 60 [1/1] (0.00ns)   --->   "%tmp_2 = partselect i32 @_ssdm_op_PartSelect.i32.i61.i32.i32, i61 %sub_ln35, i32 29, i32 60" [cordiccart2pol.cpp:41]   --->   Operation 60 'partselect' 'tmp_2' <Predicate = (tmp_4)> <Delay = 0.00>
ST_5 : Operation 61 [1/1] (0.00ns)   --->   "%tmp_3 = partselect i32 @_ssdm_op_PartSelect.i32.i61.i32.i32, i61 %add_ln41, i32 29, i32 60" [cordiccart2pol.cpp:41]   --->   Operation 61 'partselect' 'tmp_3' <Predicate = (!tmp_4)> <Delay = 0.00>
ST_5 : Operation 62 [1/1] (0.69ns)   --->   "%current_x = select i1 %tmp_4, i32 %tmp_2, i32 %tmp_3" [cordiccart2pol.cpp:33]   --->   Operation 62 'select' 'current_x' <Predicate = true> <Delay = 0.69> <CoreInst = "Sel">   --->   Core 73 'Sel' <Latency = 0> <II = 1> <Delay = 0.69> <FuncUnit> <Opcode : 'select'> <InPorts = 3> <OutPorts = 1>
ST_5 : Operation 63 [1/1] (1.58ns)   --->   "%store_ln33 = store i32 %current_theta, i32 %current_theta5" [cordiccart2pol.cpp:33]   --->   Operation 63 'store' 'store_ln33' <Predicate = true> <Delay = 1.58>
ST_5 : Operation 64 [1/1] (1.58ns)   --->   "%store_ln33 = store i32 %current_y, i32 %current_y_14" [cordiccart2pol.cpp:33]   --->   Operation 64 'store' 'store_ln33' <Predicate = true> <Delay = 1.58>
ST_5 : Operation 65 [1/1] (1.58ns)   --->   "%store_ln33 = store i32 %current_x, i32 %current_x_12" [cordiccart2pol.cpp:33]   --->   Operation 65 'store' 'store_ln33' <Predicate = true> <Delay = 1.58>
ST_5 : Operation 66 [1/1] (0.00ns)   --->   "%write_ln33 = write void @_ssdm_op_Write.ap_auto.i32P0A, i32 %current_theta_2_out, i32 %current_theta" [cordiccart2pol.cpp:33]   --->   Operation 66 'write' 'write_ln33' <Predicate = (icmp_ln30)> <Delay = 0.00>
ST_5 : Operation 67 [1/1] (0.00ns)   --->   "%write_ln33 = write void @_ssdm_op_Write.ap_auto.i32P0A, i32 %x_new_1_out, i32 %current_x" [cordiccart2pol.cpp:33]   --->   Operation 67 'write' 'write_ln33' <Predicate = (icmp_ln30)> <Delay = 0.00>
ST_5 : Operation 68 [1/1] (1.58ns)   --->   "%ret_ln0 = ret"   --->   Operation 68 'ret' 'ret_ln0' <Predicate = (icmp_ln30)> <Delay = 1.58>


============================================================
+ Verbose Summary: Binding
============================================================
STG Binding: 
---------------- STG Properties BEGIN ----------------
- Is combinational: 0
- Is one-state seq: 0
- Is datapath-only: 0
- Is pipelined: 0
- Is top level: 0
Port [ Return ] is wired: 1; IO mode=ap_ctrl_hs:ce=0
Port [ select_ln18]:  wired=1; compound=0; hidden=0; nouse=0; global=0; static=0; extern=0; dir=0; type=0; pingpong=0; private_global=0; IO mode=ap_none:ce=0
Port [ y_new]:  wired=1; compound=0; hidden=0; nouse=0; global=0; static=0; extern=0; dir=0; type=0; pingpong=0; private_global=0; IO mode=ap_none:ce=0
Port [ x_new]:  wired=1; compound=0; hidden=0; nouse=0; global=0; static=0; extern=0; dir=0; type=0; pingpong=0; private_global=0; IO mode=ap_none:ce=0
Port [ current_theta_2_out]:  wired=1; compound=0; hidden=0; nouse=0; global=0; static=0; extern=0; dir=1; type=0; pingpong=0; private_global=0; IO mode=ap_vld:ce=0
Port [ x_new_1_out]:  wired=1; compound=0; hidden=0; nouse=0; global=0; static=0; extern=0; dir=1; type=0; pingpong=0; private_global=0; IO mode=ap_vld:ce=0
Port [ Kvalues]:  wired=0; compound=1; hidden=1; nouse=0; global=1; static=1; extern=0; dir=0; type=1; pingpong=0; private_global=1; MemPort=[1]; IO mode=ap_memory:ce=0
Port [ angles]:  wired=0; compound=1; hidden=1; nouse=0; global=1; static=1; extern=0; dir=0; type=1; pingpong=0; private_global=1; MemPort=[1]; IO mode=ap_memory:ce=0
---------------- STG Properties END ------------------

---------------- Datapath Model BEGIN ----------------

<LifeTime>
<method=bitvector/>
i1                     (alloca           ) [ 010000]
current_x_12           (alloca           ) [ 011111]
current_y_14           (alloca           ) [ 011111]
current_theta5         (alloca           ) [ 011111]
x_new_read             (read             ) [ 000000]
y_new_read             (read             ) [ 000000]
select_ln18_read       (read             ) [ 000000]
select_ln18_cast       (sext             ) [ 000000]
store_ln0              (store            ) [ 000000]
store_ln0              (store            ) [ 000000]
store_ln0              (store            ) [ 000000]
store_ln0              (store            ) [ 000000]
br_ln0                 (br               ) [ 000000]
i1_load                (load             ) [ 000000]
zext_ln30              (zext             ) [ 011110]
Kvalues_addr           (getelementptr    ) [ 001000]
i                      (add              ) [ 000000]
icmp_ln30              (icmp             ) [ 011111]
store_ln30             (store            ) [ 000000]
br_ln30                (br               ) [ 000000]
Kvalues_load           (load             ) [ 000100]
current_x_12_load      (load             ) [ 011011]
current_y_14_load      (load             ) [ 011011]
tmp_4                  (bitselect        ) [ 011011]
sext_ln41              (sext             ) [ 010010]
sext_ln42              (sext             ) [ 010010]
zext_ln41_1            (zext             ) [ 010010]
angles_addr            (getelementptr    ) [ 001001]
mul_ln41               (mul              ) [ 001001]
mul_ln42               (mul              ) [ 001001]
current_theta5_load    (load             ) [ 000000]
specpipeline_ln13      (specpipeline     ) [ 000000]
speclooptripcount_ln13 (speclooptripcount) [ 000000]
specloopname_ln30      (specloopname     ) [ 000000]
shl_ln                 (bitconcatenate   ) [ 000000]
shl_ln1                (bitconcatenate   ) [ 000000]
angles_load            (load             ) [ 000000]
zext_ln41              (zext             ) [ 000000]
sub_ln35               (sub              ) [ 000000]
add_ln36               (add              ) [ 000000]
current_theta_1        (sub              ) [ 000000]
add_ln41               (add              ) [ 000000]
sub_ln42               (sub              ) [ 000000]
current_theta_2        (add              ) [ 000000]
current_theta          (select           ) [ 000000]
tmp                    (partselect       ) [ 000000]
tmp_1                  (partselect       ) [ 000000]
current_y              (select           ) [ 000000]
tmp_2                  (partselect       ) [ 000000]
tmp_3                  (partselect       ) [ 000000]
current_x              (select           ) [ 000000]
store_ln33             (store            ) [ 000000]
store_ln33             (store            ) [ 000000]
store_ln33             (store            ) [ 000000]
write_ln33             (write            ) [ 000000]
write_ln33             (write            ) [ 000000]
ret_ln0                (ret              ) [ 000000]
</LifeTime>

<model>

<comp_list>
<comp id="0" class="1000" name="select_ln18">
<pin_list>
<pin id="1" dir="1" index="0" bw="1" slack="0"/>
</pin_list>
<bind>
<StgValue><ssdm name="select_ln18"/></StgValue>
</bind>
</comp>

<comp id="2" class="1000" name="y_new">
<pin_list>
<pin id="3" dir="1" index="0" bw="1" slack="0"/>
</pin_list>
<bind>
<StgValue><ssdm name="y_new"/></StgValue>
</bind>
</comp>

<comp id="4" class="1000" name="x_new">
<pin_list>
<pin id="5" dir="1" index="0" bw="1" slack="0"/>
</pin_list>
<bind>
<StgValue><ssdm name="x_new"/></StgValue>
</bind>
</comp>

<comp id="6" class="1000" name="current_theta_2_out">
<pin_list>
<pin id="7" dir="1" index="0" bw="1" slack="0"/>
</pin_list>
<bind>
<StgValue><ssdm name="current_theta_2_out"/></StgValue>
</bind>
</comp>

<comp id="8" class="1000" name="x_new_1_out">
<pin_list>
<pin id="9" dir="1" index="0" bw="1" slack="0"/>
</pin_list>
<bind>
<StgValue><ssdm name="x_new_1_out"/></StgValue>
</bind>
</comp>

<comp id="10" class="1000" name="Kvalues">
<pin_list>
<pin id="11" dir="1" index="0" bw="1" slack="0"/>
</pin_list>
<bind>
<StgValue><ssdm name="Kvalues"/><MemPortTyVec>1 </MemPortTyVec>
</StgValue>
</bind>
</comp>

<comp id="12" class="1000" name="angles">
<pin_list>
<pin id="13" dir="1" index="0" bw="1" slack="0"/>
</pin_list>
<bind>
<StgValue><ssdm name="angles"/><MemPortTyVec>1 </MemPortTyVec>
</StgValue>
</bind>
</comp>

<comp id="14" class="1001" name="const_14">
<pin_list>
<pin id="15" dir="1" index="0" bw="1" slack="0"/>
</pin_list>
<bind>
<StgValue><ssdm name=""/></StgValue>
</bind>
</comp>

<comp id="16" class="1001" name="const_16">
<pin_list>
<pin id="17" dir="1" index="0" bw="1" slack="0"/>
</pin_list>
<bind>
<StgValue><ssdm name="_ssdm_op_Read.ap_auto.i32"/></StgValue>
</bind>
</comp>

<comp id="18" class="1001" name="const_18">
<pin_list>
<pin id="19" dir="1" index="0" bw="1" slack="0"/>
</pin_list>
<bind>
<StgValue><ssdm name="_ssdm_op_Read.ap_auto.i31"/></StgValue>
</bind>
</comp>

<comp id="20" class="1001" name="const_20">
<pin_list>
<pin id="21" dir="1" index="0" bw="1" slack="0"/>
</pin_list>
<bind>
<StgValue><ssdm name=""/></StgValue>
</bind>
</comp>

<comp id="22" class="1001" name="const_22">
<pin_list>
<pin id="23" dir="1" index="0" bw="1" slack="0"/>
</pin_list>
<bind>
<StgValue><ssdm name=""/></StgValue>
</bind>
</comp>

<comp id="24" class="1001" name="const_24">
<pin_list>
<pin id="25" dir="1" index="0" bw="1" slack="0"/>
</pin_list>
<bind>
<StgValue><ssdm name=""/></StgValue>
</bind>
</comp>

<comp id="26" class="1001" name="const_26">
<pin_list>
<pin id="27" dir="1" index="0" bw="1" slack="0"/>
</pin_list>
<bind>
<StgValue><ssdm name=""/></StgValue>
</bind>
</comp>

<comp id="28" class="1001" name="const_28">
<pin_list>
<pin id="29" dir="1" index="0" bw="1" slack="0"/>
</pin_list>
<bind>
<StgValue><ssdm name="_ssdm_op_BitSelect.i1.i32.i32"/></StgValue>
</bind>
</comp>

<comp id="30" class="1001" name="const_30">
<pin_list>
<pin id="31" dir="1" index="0" bw="1" slack="0"/>
</pin_list>
<bind>
<StgValue><ssdm name=""/></StgValue>
</bind>
</comp>

<comp id="32" class="1001" name="const_32">
<pin_list>
<pin id="33" dir="1" index="0" bw="1" slack="2147483647"/>
</pin_list>
<bind>
<StgValue><ssdm name="_ssdm_op_SpecPipeline"/></StgValue>
</bind>
</comp>

<comp id="34" class="1001" name="const_34">
<pin_list>
<pin id="35" dir="1" index="0" bw="1" slack="2147483647"/>
</pin_list>
<bind>
<StgValue><ssdm name=""/></StgValue>
</bind>
</comp>

<comp id="36" class="1001" name="const_36">
<pin_list>
<pin id="37" dir="1" index="0" bw="1" slack="2147483647"/>
</pin_list>
<bind>
<StgValue><ssdm name=""/></StgValue>
</bind>
</comp>

<comp id="38" class="1001" name="const_38">
<pin_list>
<pin id="39" dir="1" index="0" bw="1" slack="2147483647"/>
</pin_list>
<bind>
<StgValue><ssdm name="empty_0"/></StgValue>
</bind>
</comp>

<comp id="40" class="1001" name="const_40">
<pin_list>
<pin id="41" dir="1" index="0" bw="1" slack="2147483647"/>
</pin_list>
<bind>
<StgValue><ssdm name="_ssdm_op_SpecLoopTripCount"/></StgValue>
</bind>
</comp>

<comp id="42" class="1001" name="const_42">
<pin_list>
<pin id="43" dir="1" index="0" bw="1" slack="2147483647"/>
</pin_list>
<bind>
<StgValue><ssdm name=""/></StgValue>
</bind>
</comp>

<comp id="44" class="1001" name="const_44">
<pin_list>
<pin id="45" dir="1" index="0" bw="1" slack="2147483647"/>
</pin_list>
<bind>
<StgValue><ssdm name="_ssdm_op_SpecLoopName"/></StgValue>
</bind>
</comp>

<comp id="46" class="1001" name="const_46">
<pin_list>
<pin id="47" dir="1" index="0" bw="1" slack="2147483647"/>
</pin_list>
<bind>
<StgValue><ssdm name="empty_2"/></StgValue>
</bind>
</comp>

<comp id="48" class="1001" name="const_48">
<pin_list>
<pin id="49" dir="1" index="0" bw="1" slack="0"/>
</pin_list>
<bind>
<StgValue><ssdm name="_ssdm_op_BitConcatenate.i61.i32.i29"/></StgValue>
</bind>
</comp>

<comp id="50" class="1001" name="const_50">
<pin_list>
<pin id="51" dir="1" index="0" bw="1" slack="0"/>
</pin_list>
<bind>
<StgValue><ssdm name=""/></StgValue>
</bind>
</comp>

<comp id="52" class="1001" name="const_52">
<pin_list>
<pin id="53" dir="1" index="0" bw="1" slack="0"/>
</pin_list>
<bind>
<StgValue><ssdm name="_ssdm_op_PartSelect.i32.i61.i32.i32"/></StgValue>
</bind>
</comp>

<comp id="54" class="1001" name="const_54">
<pin_list>
<pin id="55" dir="1" index="0" bw="1" slack="0"/>
</pin_list>
<bind>
<StgValue><ssdm name=""/></StgValue>
</bind>
</comp>

<comp id="56" class="1001" name="const_56">
<pin_list>
<pin id="57" dir="1" index="0" bw="1" slack="0"/>
</pin_list>
<bind>
<StgValue><ssdm name=""/></StgValue>
</bind>
</comp>

<comp id="58" class="1001" name="const_58">
<pin_list>
<pin id="59" dir="1" index="0" bw="1" slack="0"/>
</pin_list>
<bind>
<StgValue><ssdm name="_ssdm_op_Write.ap_auto.i32P0A"/></StgValue>
</bind>
</comp>

<comp id="60" class="1004" name="i1_fu_60">
<pin_list>
<pin id="61" dir="0" index="0" bw="1" slack="0"/>
<pin id="62" dir="1" index="1" bw="4" slack="0"/>
</pin_list>
<bind>
<opcode="alloca(26) " fcode="alloca"/>
<opset="i1/1 "/>
</bind>
</comp>

<comp id="64" class="1004" name="current_x_12_fu_64">
<pin_list>
<pin id="65" dir="0" index="0" bw="1" slack="0"/>
<pin id="66" dir="1" index="1" bw="32" slack="0"/>
</pin_list>
<bind>
<opcode="alloca(26) " fcode="alloca"/>
<opset="current_x_12/1 "/>
</bind>
</comp>

<comp id="68" class="1004" name="current_y_14_fu_68">
<pin_list>
<pin id="69" dir="0" index="0" bw="1" slack="0"/>
<pin id="70" dir="1" index="1" bw="32" slack="0"/>
</pin_list>
<bind>
<opcode="alloca(26) " fcode="alloca"/>
<opset="current_y_14/1 "/>
</bind>
</comp>

<comp id="72" class="1004" name="current_theta5_fu_72">
<pin_list>
<pin id="73" dir="0" index="0" bw="1" slack="0"/>
<pin id="74" dir="1" index="1" bw="32" slack="0"/>
</pin_list>
<bind>
<opcode="alloca(26) " fcode="alloca"/>
<opset="current_theta5/1 "/>
</bind>
</comp>

<comp id="76" class="1004" name="x_new_read_read_fu_76">
<pin_list>
<pin id="77" dir="0" index="0" bw="32" slack="0"/>
<pin id="78" dir="0" index="1" bw="32" slack="0"/>
<pin id="79" dir="1" index="2" bw="32" slack="0"/>
</pin_list>
<bind>
<opcode="read(1150) " fcode="read"/>
<opset="x_new_read/1 "/>
</bind>
</comp>

<comp id="82" class="1004" name="y_new_read_read_fu_82">
<pin_list>
<pin id="83" dir="0" index="0" bw="32" slack="0"/>
<pin id="84" dir="0" index="1" bw="32" slack="0"/>
<pin id="85" dir="1" index="2" bw="32" slack="0"/>
</pin_list>
<bind>
<opcode="read(1150) " fcode="read"/>
<opset="y_new_read/1 "/>
</bind>
</comp>

<comp id="88" class="1004" name="select_ln18_read_read_fu_88">
<pin_list>
<pin id="89" dir="0" index="0" bw="31" slack="0"/>
<pin id="90" dir="0" index="1" bw="31" slack="0"/>
<pin id="91" dir="1" index="2" bw="31" slack="0"/>
</pin_list>
<bind>
<opcode="read(1150) " fcode="read"/>
<opset="select_ln18_read/1 "/>
</bind>
</comp>

<comp id="94" class="1004" name="write_ln33_write_fu_94">
<pin_list>
<pin id="95" dir="0" index="0" bw="0" slack="0"/>
<pin id="96" dir="0" index="1" bw="32" slack="0"/>
<pin id="97" dir="0" index="2" bw="32" slack="0"/>
<pin id="98" dir="1" index="3" bw="0" slack="2147483647"/>
</pin_list>
<bind>
<opcode="write(1151) " fcode="write"/>
<opset="write_ln33/5 "/>
</bind>
</comp>

<comp id="101" class="1004" name="write_ln33_write_fu_101">
<pin_list>
<pin id="102" dir="0" index="0" bw="0" slack="0"/>
<pin id="103" dir="0" index="1" bw="32" slack="0"/>
<pin id="104" dir="0" index="2" bw="32" slack="0"/>
<pin id="105" dir="1" index="3" bw="0" slack="2147483647"/>
</pin_list>
<bind>
<opcode="write(1151) " fcode="write"/>
<opset="write_ln33/5 "/>
</bind>
</comp>

<comp id="108" class="1004" name="Kvalues_addr_gep_fu_108">
<pin_list>
<pin id="109" dir="0" index="0" bw="30" slack="0"/>
<pin id="110" dir="0" index="1" bw="1" slack="0"/>
<pin id="111" dir="0" index="2" bw="4" slack="0"/>
<pin id="112" dir="1" index="3" bw="4" slack="0"/>
</pin_list>
<bind>
<opcode="getelementptr(29) " fcode="getelementptr"/>
<opset="Kvalues_addr/1 "/>
</bind>
</comp>

<comp id="115" class="1004" name="grp_access_fu_115">
<pin_list>
<pin id="116" dir="0" index="0" bw="4" slack="0"/>
<pin id="117" dir="0" index="1" bw="30" slack="2147483647"/>
<pin id="118" dir="0" index="2" bw="0" slack="2147483647"/>
<pin id="119" dir="1" index="3" bw="30" slack="1"/>
</pin_list>
<bind>
<opcode="load(27) " fcode="load"/>
<opset="Kvalues_load/1 "/>
</bind>
</comp>

<comp id="121" class="1004" name="angles_addr_gep_fu_121">
<pin_list>
<pin id="122" dir="0" index="0" bw="29" slack="0"/>
<pin id="123" dir="0" index="1" bw="1" slack="0"/>
<pin id="124" dir="0" index="2" bw="4" slack="3"/>
<pin id="125" dir="1" index="3" bw="4" slack="0"/>
</pin_list>
<bind>
<opcode="getelementptr(29) " fcode="getelementptr"/>
<opset="angles_addr/4 "/>
</bind>
</comp>

<comp id="128" class="1004" name="grp_access_fu_128">
<pin_list>
<pin id="129" dir="0" index="0" bw="4" slack="0"/>
<pin id="130" dir="0" index="1" bw="29" slack="2147483647"/>
<pin id="131" dir="0" index="2" bw="0" slack="2147483647"/>
<pin id="132" dir="1" index="3" bw="29" slack="0"/>
</pin_list>
<bind>
<opcode="load(27) " fcode="load"/>
<opset="angles_load/4 "/>
</bind>
</comp>

<comp id="134" class="1004" name="grp_fu_134">
<pin_list>
<pin id="135" dir="0" index="0" bw="30" slack="0"/>
<pin id="136" dir="0" index="1" bw="32" slack="0"/>
<pin id="137" dir="1" index="2" bw="61" slack="1"/>
</pin_list>
<bind>
<opcode="mul(12) " fcode="mul"/>
<opset="mul_ln41/3 "/>
</bind>
</comp>

<comp id="138" class="1004" name="grp_fu_138">
<pin_list>
<pin id="139" dir="0" index="0" bw="30" slack="0"/>
<pin id="140" dir="0" index="1" bw="32" slack="0"/>
<pin id="141" dir="1" index="2" bw="61" slack="1"/>
</pin_list>
<bind>
<opcode="mul(12) " fcode="mul"/>
<opset="mul_ln42/3 "/>
</bind>
</comp>

<comp id="142" class="1004" name="select_ln18_cast_fu_142">
<pin_list>
<pin id="143" dir="0" index="0" bw="31" slack="0"/>
<pin id="144" dir="1" index="1" bw="32" slack="0"/>
</pin_list>
<bind>
<opcode="sext(35) " fcode="sext"/>
<opset="select_ln18_cast/1 "/>
</bind>
</comp>

<comp id="146" class="1004" name="store_ln0_store_fu_146">
<pin_list>
<pin id="147" dir="0" index="0" bw="31" slack="0"/>
<pin id="148" dir="0" index="1" bw="32" slack="0"/>
<pin id="149" dir="1" index="2" bw="0" slack="2147483647"/>
</pin_list>
<bind>
<opcode="store(28) " fcode="store"/>
<opset="store_ln0/1 "/>
</bind>
</comp>

<comp id="151" class="1004" name="store_ln0_store_fu_151">
<pin_list>
<pin id="152" dir="0" index="0" bw="32" slack="0"/>
<pin id="153" dir="0" index="1" bw="32" slack="0"/>
<pin id="154" dir="1" index="2" bw="0" slack="2147483647"/>
</pin_list>
<bind>
<opcode="store(28) " fcode="store"/>
<opset="store_ln0/1 "/>
</bind>
</comp>

<comp id="156" class="1004" name="store_ln0_store_fu_156">
<pin_list>
<pin id="157" dir="0" index="0" bw="32" slack="0"/>
<pin id="158" dir="0" index="1" bw="32" slack="0"/>
<pin id="159" dir="1" index="2" bw="0" slack="2147483647"/>
</pin_list>
<bind>
<opcode="store(28) " fcode="store"/>
<opset="store_ln0/1 "/>
</bind>
</comp>

<comp id="161" class="1004" name="store_ln0_store_fu_161">
<pin_list>
<pin id="162" dir="0" index="0" bw="1" slack="0"/>
<pin id="163" dir="0" index="1" bw="4" slack="0"/>
<pin id="164" dir="1" index="2" bw="0" slack="2147483647"/>
</pin_list>
<bind>
<opcode="store(28) " fcode="store"/>
<opset="store_ln0/1 "/>
</bind>
</comp>

<comp id="166" class="1004" name="i1_load_load_fu_166">
<pin_list>
<pin id="167" dir="0" index="0" bw="4" slack="0"/>
<pin id="168" dir="1" index="1" bw="4" slack="0"/>
</pin_list>
<bind>
<opcode="load(27) " fcode="load"/>
<opset="i1_load/1 "/>
</bind>
</comp>

<comp id="169" class="1004" name="zext_ln30_fu_169">
<pin_list>
<pin id="170" dir="0" index="0" bw="4" slack="0"/>
<pin id="171" dir="1" index="1" bw="64" slack="0"/>
</pin_list>
<bind>
<opcode="zext(34) " fcode="zext"/>
<opset="zext_ln30/1 "/>
</bind>
</comp>

<comp id="174" class="1004" name="i_fu_174">
<pin_list>
<pin id="175" dir="0" index="0" bw="4" slack="0"/>
<pin id="176" dir="0" index="1" bw="1" slack="0"/>
<pin id="177" dir="1" index="2" bw="4" slack="0"/>
</pin_list>
<bind>
<opcode="add(8) " fcode="add"/>
<opset="i/1 "/>
</bind>
</comp>

<comp id="180" class="1004" name="icmp_ln30_fu_180">
<pin_list>
<pin id="181" dir="0" index="0" bw="4" slack="0"/>
<pin id="182" dir="0" index="1" bw="1" slack="0"/>
<pin id="183" dir="1" index="2" bw="1" slack="4"/>
</pin_list>
<bind>
<opcode="icmp(45) " fcode="icmp"/>
<opset="icmp_ln30/1 "/>
</bind>
</comp>

<comp id="186" class="1004" name="store_ln30_store_fu_186">
<pin_list>
<pin id="187" dir="0" index="0" bw="4" slack="0"/>
<pin id="188" dir="0" index="1" bw="4" slack="0"/>
<pin id="189" dir="1" index="2" bw="0" slack="2147483647"/>
</pin_list>
<bind>
<opcode="store(28) " fcode="store"/>
<opset="store_ln30/1 "/>
</bind>
</comp>

<comp id="191" class="1004" name="current_x_12_load_load_fu_191">
<pin_list>
<pin id="192" dir="0" index="0" bw="32" slack="2"/>
<pin id="193" dir="1" index="1" bw="32" slack="0"/>
</pin_list>
<bind>
<opcode="load(27) " fcode="load"/>
<opset="current_x_12_load/3 "/>
</bind>
</comp>

<comp id="194" class="1004" name="current_y_14_load_load_fu_194">
<pin_list>
<pin id="195" dir="0" index="0" bw="32" slack="2"/>
<pin id="196" dir="1" index="1" bw="32" slack="0"/>
</pin_list>
<bind>
<opcode="load(27) " fcode="load"/>
<opset="current_y_14_load/3 "/>
</bind>
</comp>

<comp id="197" class="1004" name="tmp_4_fu_197">
<pin_list>
<pin id="198" dir="0" index="0" bw="1" slack="0"/>
<pin id="199" dir="0" index="1" bw="32" slack="0"/>
<pin id="200" dir="0" index="2" bw="6" slack="0"/>
<pin id="201" dir="1" index="3" bw="1" slack="2"/>
</pin_list>
<bind>
<opcode="bitselect(1000) " fcode="bitselect"/>
<opset="tmp_4/3 "/>
</bind>
</comp>

<comp id="205" class="1004" name="sext_ln41_fu_205">
<pin_list>
<pin id="206" dir="0" index="0" bw="32" slack="0"/>
<pin id="207" dir="1" index="1" bw="61" slack="0"/>
</pin_list>
<bind>
<opcode="sext(35) " fcode="sext"/>
<opset="sext_ln41/3 "/>
</bind>
</comp>

<comp id="210" class="1004" name="sext_ln42_fu_210">
<pin_list>
<pin id="211" dir="0" index="0" bw="32" slack="0"/>
<pin id="212" dir="1" index="1" bw="61" slack="0"/>
</pin_list>
<bind>
<opcode="sext(35) " fcode="sext"/>
<opset="sext_ln42/3 "/>
</bind>
</comp>

<comp id="215" class="1004" name="zext_ln41_1_fu_215">
<pin_list>
<pin id="216" dir="0" index="0" bw="30" slack="1"/>
<pin id="217" dir="1" index="1" bw="61" slack="0"/>
</pin_list>
<bind>
<opcode="zext(34) " fcode="zext"/>
<opset="zext_ln41_1/3 "/>
</bind>
</comp>

<comp id="220" class="1004" name="current_theta5_load_load_fu_220">
<pin_list>
<pin id="221" dir="0" index="0" bw="32" slack="4"/>
<pin id="222" dir="1" index="1" bw="32" slack="0"/>
</pin_list>
<bind>
<opcode="load(27) " fcode="load"/>
<opset="current_theta5_load/5 "/>
</bind>
</comp>

<comp id="223" class="1004" name="shl_ln_fu_223">
<pin_list>
<pin id="224" dir="0" index="0" bw="61" slack="0"/>
<pin id="225" dir="0" index="1" bw="32" slack="2"/>
<pin id="226" dir="0" index="2" bw="1" slack="0"/>
<pin id="227" dir="1" index="3" bw="61" slack="0"/>
</pin_list>
<bind>
<opcode="bitconcatenate(1004) " fcode="bitconcatenate"/>
<opset="shl_ln/5 "/>
</bind>
</comp>

<comp id="230" class="1004" name="shl_ln1_fu_230">
<pin_list>
<pin id="231" dir="0" index="0" bw="61" slack="0"/>
<pin id="232" dir="0" index="1" bw="32" slack="2"/>
<pin id="233" dir="0" index="2" bw="1" slack="0"/>
<pin id="234" dir="1" index="3" bw="61" slack="0"/>
</pin_list>
<bind>
<opcode="bitconcatenate(1004) " fcode="bitconcatenate"/>
<opset="shl_ln1/5 "/>
</bind>
</comp>

<comp id="237" class="1004" name="zext_ln41_fu_237">
<pin_list>
<pin id="238" dir="0" index="0" bw="29" slack="0"/>
<pin id="239" dir="1" index="1" bw="32" slack="0"/>
</pin_list>
<bind>
<opcode="zext(34) " fcode="zext"/>
<opset="zext_ln41/5 "/>
</bind>
</comp>

<comp id="241" class="1004" name="sub_ln35_fu_241">
<pin_list>
<pin id="242" dir="0" index="0" bw="61" slack="0"/>
<pin id="243" dir="0" index="1" bw="61" slack="1"/>
<pin id="244" dir="1" index="2" bw="61" slack="0"/>
</pin_list>
<bind>
<opcode="sub(10) " fcode="sub"/>
<opset="sub_ln35/5 "/>
</bind>
</comp>

<comp id="246" class="1004" name="add_ln36_fu_246">
<pin_list>
<pin id="247" dir="0" index="0" bw="61" slack="0"/>
<pin id="248" dir="0" index="1" bw="61" slack="1"/>
<pin id="249" dir="1" index="2" bw="61" slack="0"/>
</pin_list>
<bind>
<opcode="add(8) " fcode="add"/>
<opset="add_ln36/5 "/>
</bind>
</comp>

<comp id="251" class="1004" name="current_theta_1_fu_251">
<pin_list>
<pin id="252" dir="0" index="0" bw="32" slack="0"/>
<pin id="253" dir="0" index="1" bw="29" slack="0"/>
<pin id="254" dir="1" index="2" bw="32" slack="0"/>
</pin_list>
<bind>
<opcode="sub(10) " fcode="sub"/>
<opset="current_theta_1/5 "/>
</bind>
</comp>

<comp id="257" class="1004" name="add_ln41_fu_257">
<pin_list>
<pin id="258" dir="0" index="0" bw="61" slack="0"/>
<pin id="259" dir="0" index="1" bw="61" slack="1"/>
<pin id="260" dir="1" index="2" bw="61" slack="0"/>
</pin_list>
<bind>
<opcode="add(8) " fcode="add"/>
<opset="add_ln41/5 "/>
</bind>
</comp>

<comp id="262" class="1004" name="sub_ln42_fu_262">
<pin_list>
<pin id="263" dir="0" index="0" bw="61" slack="0"/>
<pin id="264" dir="0" index="1" bw="61" slack="1"/>
<pin id="265" dir="1" index="2" bw="61" slack="0"/>
</pin_list>
<bind>
<opcode="sub(10) " fcode="sub"/>
<opset="sub_ln42/5 "/>
</bind>
</comp>

<comp id="267" class="1004" name="current_theta_2_fu_267">
<pin_list>
<pin id="268" dir="0" index="0" bw="29" slack="0"/>
<pin id="269" dir="0" index="1" bw="32" slack="0"/>
<pin id="270" dir="1" index="2" bw="32" slack="0"/>
</pin_list>
<bind>
<opcode="add(8) " fcode="add"/>
<opset="current_theta_2/5 "/>
</bind>
</comp>

<comp id="273" class="1004" name="current_theta_fu_273">
<pin_list>
<pin id="274" dir="0" index="0" bw="1" slack="2"/>
<pin id="275" dir="0" index="1" bw="32" slack="0"/>
<pin id="276" dir="0" index="2" bw="32" slack="0"/>
<pin id="277" dir="1" index="3" bw="32" slack="0"/>
</pin_list>
<bind>
<opcode="select(49) " fcode="select"/>
<opset="current_theta/5 "/>
</bind>
</comp>

<comp id="281" class="1004" name="tmp_fu_281">
<pin_list>
<pin id="282" dir="0" index="0" bw="32" slack="0"/>
<pin id="283" dir="0" index="1" bw="61" slack="0"/>
<pin id="284" dir="0" index="2" bw="6" slack="0"/>
<pin id="285" dir="0" index="3" bw="7" slack="0"/>
<pin id="286" dir="1" index="4" bw="32" slack="0"/>
</pin_list>
<bind>
<opcode="partselect(1002) " fcode="partselect"/>
<opset="tmp/5 "/>
</bind>
</comp>

<comp id="291" class="1004" name="tmp_1_fu_291">
<pin_list>
<pin id="292" dir="0" index="0" bw="32" slack="0"/>
<pin id="293" dir="0" index="1" bw="61" slack="0"/>
<pin id="294" dir="0" index="2" bw="6" slack="0"/>
<pin id="295" dir="0" index="3" bw="7" slack="0"/>
<pin id="296" dir="1" index="4" bw="32" slack="0"/>
</pin_list>
<bind>
<opcode="partselect(1002) " fcode="partselect"/>
<opset="tmp_1/5 "/>
</bind>
</comp>

<comp id="301" class="1004" name="current_y_fu_301">
<pin_list>
<pin id="302" dir="0" index="0" bw="1" slack="2"/>
<pin id="303" dir="0" index="1" bw="32" slack="0"/>
<pin id="304" dir="0" index="2" bw="32" slack="0"/>
<pin id="305" dir="1" index="3" bw="32" slack="0"/>
</pin_list>
<bind>
<opcode="select(49) " fcode="select"/>
<opset="current_y/5 "/>
</bind>
</comp>

<comp id="308" class="1004" name="tmp_2_fu_308">
<pin_list>
<pin id="309" dir="0" index="0" bw="32" slack="0"/>
<pin id="310" dir="0" index="1" bw="61" slack="0"/>
<pin id="311" dir="0" index="2" bw="6" slack="0"/>
<pin id="312" dir="0" index="3" bw="7" slack="0"/>
<pin id="313" dir="1" index="4" bw="32" slack="0"/>
</pin_list>
<bind>
<opcode="partselect(1002) " fcode="partselect"/>
<opset="tmp_2/5 "/>
</bind>
</comp>

<comp id="318" class="1004" name="tmp_3_fu_318">
<pin_list>
<pin id="319" dir="0" index="0" bw="32" slack="0"/>
<pin id="320" dir="0" index="1" bw="61" slack="0"/>
<pin id="321" dir="0" index="2" bw="6" slack="0"/>
<pin id="322" dir="0" index="3" bw="7" slack="0"/>
<pin id="323" dir="1" index="4" bw="32" slack="0"/>
</pin_list>
<bind>
<opcode="partselect(1002) " fcode="partselect"/>
<opset="tmp_3/5 "/>
</bind>
</comp>

<comp id="328" class="1004" name="current_x_fu_328">
<pin_list>
<pin id="329" dir="0" index="0" bw="1" slack="2"/>
<pin id="330" dir="0" index="1" bw="32" slack="0"/>
<pin id="331" dir="0" index="2" bw="32" slack="0"/>
<pin id="332" dir="1" index="3" bw="32" slack="0"/>
</pin_list>
<bind>
<opcode="select(49) " fcode="select"/>
<opset="current_x/5 "/>
</bind>
</comp>

<comp id="336" class="1004" name="store_ln33_store_fu_336">
<pin_list>
<pin id="337" dir="0" index="0" bw="32" slack="0"/>
<pin id="338" dir="0" index="1" bw="32" slack="4"/>
<pin id="339" dir="1" index="2" bw="0" slack="2147483647"/>
</pin_list>
<bind>
<opcode="store(28) " fcode="store"/>
<opset="store_ln33/5 "/>
</bind>
</comp>

<comp id="341" class="1004" name="store_ln33_store_fu_341">
<pin_list>
<pin id="342" dir="0" index="0" bw="32" slack="0"/>
<pin id="343" dir="0" index="1" bw="32" slack="4"/>
<pin id="344" dir="1" index="2" bw="0" slack="2147483647"/>
</pin_list>
<bind>
<opcode="store(28) " fcode="store"/>
<opset="store_ln33/5 "/>
</bind>
</comp>

<comp id="346" class="1004" name="store_ln33_store_fu_346">
<pin_list>
<pin id="347" dir="0" index="0" bw="32" slack="0"/>
<pin id="348" dir="0" index="1" bw="32" slack="4"/>
<pin id="349" dir="1" index="2" bw="0" slack="2147483647"/>
</pin_list>
<bind>
<opcode="store(28) " fcode="store"/>
<opset="store_ln33/5 "/>
</bind>
</comp>

<comp id="351" class="1005" name="i1_reg_351">
<pin_list>
<pin id="352" dir="0" index="0" bw="4" slack="0"/>
<pin id="353" dir="1" index="1" bw="4" slack="0"/>
</pin_list>
<bind>
<opset="i1 "/>
</bind>
</comp>

<comp id="358" class="1005" name="current_x_12_reg_358">
<pin_list>
<pin id="359" dir="0" index="0" bw="32" slack="0"/>
<pin id="360" dir="1" index="1" bw="32" slack="0"/>
</pin_list>
<bind>
<opset="current_x_12 "/>
</bind>
</comp>

<comp id="365" class="1005" name="current_y_14_reg_365">
<pin_list>
<pin id="366" dir="0" index="0" bw="32" slack="0"/>
<pin id="367" dir="1" index="1" bw="32" slack="0"/>
</pin_list>
<bind>
<opset="current_y_14 "/>
</bind>
</comp>

<comp id="372" class="1005" name="current_theta5_reg_372">
<pin_list>
<pin id="373" dir="0" index="0" bw="32" slack="0"/>
<pin id="374" dir="1" index="1" bw="32" slack="0"/>
</pin_list>
<bind>
<opset="current_theta5 "/>
</bind>
</comp>

<comp id="379" class="1005" name="zext_ln30_reg_379">
<pin_list>
<pin id="380" dir="0" index="0" bw="64" slack="3"/>
<pin id="381" dir="1" index="1" bw="64" slack="3"/>
</pin_list>
<bind>
<opset="zext_ln30 "/>
</bind>
</comp>

<comp id="384" class="1005" name="Kvalues_addr_reg_384">
<pin_list>
<pin id="385" dir="0" index="0" bw="4" slack="1"/>
<pin id="386" dir="1" index="1" bw="4" slack="1"/>
</pin_list>
<bind>
<opset="Kvalues_addr "/>
</bind>
</comp>

<comp id="389" class="1005" name="icmp_ln30_reg_389">
<pin_list>
<pin id="390" dir="0" index="0" bw="1" slack="4"/>
<pin id="391" dir="1" index="1" bw="1" slack="2147483647"/>
</pin_list>
<bind>
<opset="icmp_ln30 "/>
</bind>
</comp>

<comp id="393" class="1005" name="Kvalues_load_reg_393">
<pin_list>
<pin id="394" dir="0" index="0" bw="30" slack="1"/>
<pin id="395" dir="1" index="1" bw="30" slack="1"/>
</pin_list>
<bind>
<opset="Kvalues_load "/>
</bind>
</comp>

<comp id="398" class="1005" name="current_x_12_load_reg_398">
<pin_list>
<pin id="399" dir="0" index="0" bw="32" slack="2"/>
<pin id="400" dir="1" index="1" bw="32" slack="2"/>
</pin_list>
<bind>
<opset="current_x_12_load "/>
</bind>
</comp>

<comp id="403" class="1005" name="current_y_14_load_reg_403">
<pin_list>
<pin id="404" dir="0" index="0" bw="32" slack="2"/>
<pin id="405" dir="1" index="1" bw="32" slack="2"/>
</pin_list>
<bind>
<opset="current_y_14_load "/>
</bind>
</comp>

<comp id="408" class="1005" name="tmp_4_reg_408">
<pin_list>
<pin id="409" dir="0" index="0" bw="1" slack="2"/>
<pin id="410" dir="1" index="1" bw="1" slack="2"/>
</pin_list>
<bind>
<opset="tmp_4 "/>
</bind>
</comp>

<comp id="415" class="1005" name="sext_ln41_reg_415">
<pin_list>
<pin id="416" dir="0" index="0" bw="61" slack="1"/>
<pin id="417" dir="1" index="1" bw="61" slack="1"/>
</pin_list>
<bind>
<opset="sext_ln41 "/>
</bind>
</comp>

<comp id="420" class="1005" name="sext_ln42_reg_420">
<pin_list>
<pin id="421" dir="0" index="0" bw="61" slack="1"/>
<pin id="422" dir="1" index="1" bw="61" slack="1"/>
</pin_list>
<bind>
<opset="sext_ln42 "/>
</bind>
</comp>

<comp id="425" class="1005" name="zext_ln41_1_reg_425">
<pin_list>
<pin id="426" dir="0" index="0" bw="61" slack="1"/>
<pin id="427" dir="1" index="1" bw="61" slack="1"/>
</pin_list>
<bind>
<opset="zext_ln41_1 "/>
</bind>
</comp>

<comp id="431" class="1005" name="angles_addr_reg_431">
<pin_list>
<pin id="432" dir="0" index="0" bw="4" slack="1"/>
<pin id="433" dir="1" index="1" bw="4" slack="1"/>
</pin_list>
<bind>
<opset="angles_addr "/>
</bind>
</comp>

<comp id="436" class="1005" name="mul_ln41_reg_436">
<pin_list>
<pin id="437" dir="0" index="0" bw="61" slack="1"/>
<pin id="438" dir="1" index="1" bw="61" slack="1"/>
</pin_list>
<bind>
<opset="mul_ln41 "/>
</bind>
</comp>

<comp id="442" class="1005" name="mul_ln42_reg_442">
<pin_list>
<pin id="443" dir="0" index="0" bw="61" slack="1"/>
<pin id="444" dir="1" index="1" bw="61" slack="1"/>
</pin_list>
<bind>
<opset="mul_ln42 "/>
</bind>
</comp>

</comp_list>

<net_list>
<net id="63"><net_src comp="14" pin="0"/><net_sink comp="60" pin=0"/></net>

<net id="67"><net_src comp="14" pin="0"/><net_sink comp="64" pin=0"/></net>

<net id="71"><net_src comp="14" pin="0"/><net_sink comp="68" pin=0"/></net>

<net id="75"><net_src comp="14" pin="0"/><net_sink comp="72" pin=0"/></net>

<net id="80"><net_src comp="16" pin="0"/><net_sink comp="76" pin=0"/></net>

<net id="81"><net_src comp="4" pin="0"/><net_sink comp="76" pin=1"/></net>

<net id="86"><net_src comp="16" pin="0"/><net_sink comp="82" pin=0"/></net>

<net id="87"><net_src comp="2" pin="0"/><net_sink comp="82" pin=1"/></net>

<net id="92"><net_src comp="18" pin="0"/><net_sink comp="88" pin=0"/></net>

<net id="93"><net_src comp="0" pin="0"/><net_sink comp="88" pin=1"/></net>

<net id="99"><net_src comp="58" pin="0"/><net_sink comp="94" pin=0"/></net>

<net id="100"><net_src comp="6" pin="0"/><net_sink comp="94" pin=1"/></net>

<net id="106"><net_src comp="58" pin="0"/><net_sink comp="101" pin=0"/></net>

<net id="107"><net_src comp="8" pin="0"/><net_sink comp="101" pin=1"/></net>

<net id="113"><net_src comp="10" pin="0"/><net_sink comp="108" pin=0"/></net>

<net id="114"><net_src comp="22" pin="0"/><net_sink comp="108" pin=1"/></net>

<net id="120"><net_src comp="108" pin="3"/><net_sink comp="115" pin=0"/></net>

<net id="126"><net_src comp="12" pin="0"/><net_sink comp="121" pin=0"/></net>

<net id="127"><net_src comp="22" pin="0"/><net_sink comp="121" pin=1"/></net>

<net id="133"><net_src comp="121" pin="3"/><net_sink comp="128" pin=0"/></net>

<net id="145"><net_src comp="88" pin="2"/><net_sink comp="142" pin=0"/></net>

<net id="150"><net_src comp="142" pin="1"/><net_sink comp="146" pin=0"/></net>

<net id="155"><net_src comp="82" pin="2"/><net_sink comp="151" pin=0"/></net>

<net id="160"><net_src comp="76" pin="2"/><net_sink comp="156" pin=0"/></net>

<net id="165"><net_src comp="20" pin="0"/><net_sink comp="161" pin=0"/></net>

<net id="172"><net_src comp="166" pin="1"/><net_sink comp="169" pin=0"/></net>

<net id="173"><net_src comp="169" pin="1"/><net_sink comp="108" pin=2"/></net>

<net id="178"><net_src comp="166" pin="1"/><net_sink comp="174" pin=0"/></net>

<net id="179"><net_src comp="24" pin="0"/><net_sink comp="174" pin=1"/></net>

<net id="184"><net_src comp="166" pin="1"/><net_sink comp="180" pin=0"/></net>

<net id="185"><net_src comp="26" pin="0"/><net_sink comp="180" pin=1"/></net>

<net id="190"><net_src comp="174" pin="2"/><net_sink comp="186" pin=0"/></net>

<net id="202"><net_src comp="28" pin="0"/><net_sink comp="197" pin=0"/></net>

<net id="203"><net_src comp="194" pin="1"/><net_sink comp="197" pin=1"/></net>

<net id="204"><net_src comp="30" pin="0"/><net_sink comp="197" pin=2"/></net>

<net id="208"><net_src comp="194" pin="1"/><net_sink comp="205" pin=0"/></net>

<net id="209"><net_src comp="205" pin="1"/><net_sink comp="134" pin=1"/></net>

<net id="213"><net_src comp="191" pin="1"/><net_sink comp="210" pin=0"/></net>

<net id="214"><net_src comp="210" pin="1"/><net_sink comp="138" pin=1"/></net>

<net id="218"><net_src comp="215" pin="1"/><net_sink comp="134" pin=0"/></net>

<net id="219"><net_src comp="215" pin="1"/><net_sink comp="138" pin=0"/></net>

<net id="228"><net_src comp="48" pin="0"/><net_sink comp="223" pin=0"/></net>

<net id="229"><net_src comp="50" pin="0"/><net_sink comp="223" pin=2"/></net>

<net id="235"><net_src comp="48" pin="0"/><net_sink comp="230" pin=0"/></net>

<net id="236"><net_src comp="50" pin="0"/><net_sink comp="230" pin=2"/></net>

<net id="240"><net_src comp="128" pin="3"/><net_sink comp="237" pin=0"/></net>

<net id="245"><net_src comp="223" pin="3"/><net_sink comp="241" pin=0"/></net>

<net id="250"><net_src comp="230" pin="3"/><net_sink comp="246" pin=0"/></net>

<net id="255"><net_src comp="220" pin="1"/><net_sink comp="251" pin=0"/></net>

<net id="256"><net_src comp="237" pin="1"/><net_sink comp="251" pin=1"/></net>

<net id="261"><net_src comp="223" pin="3"/><net_sink comp="257" pin=0"/></net>

<net id="266"><net_src comp="230" pin="3"/><net_sink comp="262" pin=0"/></net>

<net id="271"><net_src comp="237" pin="1"/><net_sink comp="267" pin=0"/></net>

<net id="272"><net_src comp="220" pin="1"/><net_sink comp="267" pin=1"/></net>

<net id="278"><net_src comp="251" pin="2"/><net_sink comp="273" pin=1"/></net>

<net id="279"><net_src comp="267" pin="2"/><net_sink comp="273" pin=2"/></net>

<net id="280"><net_src comp="273" pin="3"/><net_sink comp="94" pin=2"/></net>

<net id="287"><net_src comp="52" pin="0"/><net_sink comp="281" pin=0"/></net>

<net id="288"><net_src comp="246" pin="2"/><net_sink comp="281" pin=1"/></net>

<net id="289"><net_src comp="54" pin="0"/><net_sink comp="281" pin=2"/></net>

<net id="290"><net_src comp="56" pin="0"/><net_sink comp="281" pin=3"/></net>

<net id="297"><net_src comp="52" pin="0"/><net_sink comp="291" pin=0"/></net>

<net id="298"><net_src comp="262" pin="2"/><net_sink comp="291" pin=1"/></net>

<net id="299"><net_src comp="54" pin="0"/><net_sink comp="291" pin=2"/></net>

<net id="300"><net_src comp="56" pin="0"/><net_sink comp="291" pin=3"/></net>

<net id="306"><net_src comp="281" pin="4"/><net_sink comp="301" pin=1"/></net>

<net id="307"><net_src comp="291" pin="4"/><net_sink comp="301" pin=2"/></net>

<net id="314"><net_src comp="52" pin="0"/><net_sink comp="308" pin=0"/></net>

<net id="315"><net_src comp="241" pin="2"/><net_sink comp="308" pin=1"/></net>

<net id="316"><net_src comp="54" pin="0"/><net_sink comp="308" pin=2"/></net>

<net id="317"><net_src comp="56" pin="0"/><net_sink comp="308" pin=3"/></net>

<net id="324"><net_src comp="52" pin="0"/><net_sink comp="318" pin=0"/></net>

<net id="325"><net_src comp="257" pin="2"/><net_sink comp="318" pin=1"/></net>

<net id="326"><net_src comp="54" pin="0"/><net_sink comp="318" pin=2"/></net>

<net id="327"><net_src comp="56" pin="0"/><net_sink comp="318" pin=3"/></net>

<net id="333"><net_src comp="308" pin="4"/><net_sink comp="328" pin=1"/></net>

<net id="334"><net_src comp="318" pin="4"/><net_sink comp="328" pin=2"/></net>

<net id="335"><net_src comp="328" pin="3"/><net_sink comp="101" pin=2"/></net>

<net id="340"><net_src comp="273" pin="3"/><net_sink comp="336" pin=0"/></net>

<net id="345"><net_src comp="301" pin="3"/><net_sink comp="341" pin=0"/></net>

<net id="350"><net_src comp="328" pin="3"/><net_sink comp="346" pin=0"/></net>

<net id="354"><net_src comp="60" pin="1"/><net_sink comp="351" pin=0"/></net>

<net id="355"><net_src comp="351" pin="1"/><net_sink comp="161" pin=1"/></net>

<net id="356"><net_src comp="351" pin="1"/><net_sink comp="166" pin=0"/></net>

<net id="357"><net_src comp="351" pin="1"/><net_sink comp="186" pin=1"/></net>

<net id="361"><net_src comp="64" pin="1"/><net_sink comp="358" pin=0"/></net>

<net id="362"><net_src comp="358" pin="1"/><net_sink comp="156" pin=1"/></net>

<net id="363"><net_src comp="358" pin="1"/><net_sink comp="191" pin=0"/></net>

<net id="364"><net_src comp="358" pin="1"/><net_sink comp="346" pin=1"/></net>

<net id="368"><net_src comp="68" pin="1"/><net_sink comp="365" pin=0"/></net>

<net id="369"><net_src comp="365" pin="1"/><net_sink comp="151" pin=1"/></net>

<net id="370"><net_src comp="365" pin="1"/><net_sink comp="194" pin=0"/></net>

<net id="371"><net_src comp="365" pin="1"/><net_sink comp="341" pin=1"/></net>

<net id="375"><net_src comp="72" pin="1"/><net_sink comp="372" pin=0"/></net>

<net id="376"><net_src comp="372" pin="1"/><net_sink comp="146" pin=1"/></net>

<net id="377"><net_src comp="372" pin="1"/><net_sink comp="220" pin=0"/></net>

<net id="378"><net_src comp="372" pin="1"/><net_sink comp="336" pin=1"/></net>

<net id="382"><net_src comp="169" pin="1"/><net_sink comp="379" pin=0"/></net>

<net id="383"><net_src comp="379" pin="1"/><net_sink comp="121" pin=2"/></net>

<net id="387"><net_src comp="108" pin="3"/><net_sink comp="384" pin=0"/></net>

<net id="388"><net_src comp="384" pin="1"/><net_sink comp="115" pin=0"/></net>

<net id="392"><net_src comp="180" pin="2"/><net_sink comp="389" pin=0"/></net>

<net id="396"><net_src comp="115" pin="3"/><net_sink comp="393" pin=0"/></net>

<net id="397"><net_src comp="393" pin="1"/><net_sink comp="215" pin=0"/></net>

<net id="401"><net_src comp="191" pin="1"/><net_sink comp="398" pin=0"/></net>

<net id="402"><net_src comp="398" pin="1"/><net_sink comp="223" pin=1"/></net>

<net id="406"><net_src comp="194" pin="1"/><net_sink comp="403" pin=0"/></net>

<net id="407"><net_src comp="403" pin="1"/><net_sink comp="230" pin=1"/></net>

<net id="411"><net_src comp="197" pin="3"/><net_sink comp="408" pin=0"/></net>

<net id="412"><net_src comp="408" pin="1"/><net_sink comp="273" pin=0"/></net>

<net id="413"><net_src comp="408" pin="1"/><net_sink comp="301" pin=0"/></net>

<net id="414"><net_src comp="408" pin="1"/><net_sink comp="328" pin=0"/></net>

<net id="418"><net_src comp="205" pin="1"/><net_sink comp="415" pin=0"/></net>

<net id="419"><net_src comp="415" pin="1"/><net_sink comp="134" pin=1"/></net>

<net id="423"><net_src comp="210" pin="1"/><net_sink comp="420" pin=0"/></net>

<net id="424"><net_src comp="420" pin="1"/><net_sink comp="138" pin=1"/></net>

<net id="428"><net_src comp="215" pin="1"/><net_sink comp="425" pin=0"/></net>

<net id="429"><net_src comp="425" pin="1"/><net_sink comp="134" pin=0"/></net>

<net id="430"><net_src comp="425" pin="1"/><net_sink comp="138" pin=0"/></net>

<net id="434"><net_src comp="121" pin="3"/><net_sink comp="431" pin=0"/></net>

<net id="435"><net_src comp="431" pin="1"/><net_sink comp="128" pin=0"/></net>

<net id="439"><net_src comp="134" pin="2"/><net_sink comp="436" pin=0"/></net>

<net id="440"><net_src comp="436" pin="1"/><net_sink comp="241" pin=1"/></net>

<net id="441"><net_src comp="436" pin="1"/><net_sink comp="257" pin=1"/></net>

<net id="445"><net_src comp="138" pin="2"/><net_sink comp="442" pin=0"/></net>

<net id="446"><net_src comp="442" pin="1"/><net_sink comp="246" pin=1"/></net>

<net id="447"><net_src comp="442" pin="1"/><net_sink comp="262" pin=1"/></net>

</net_list>

</model> 
---------------- Datapath Model END ------------------

* FSMD analyzer results:
  - Output states:
	Port: current_theta_2_out | {5 }
	Port: x_new_1_out | {5 }
 - Input state : 
	Port: cordiccart2pol_Pipeline_VITIS_LOOP_30_1 : select_ln18 | {1 }
	Port: cordiccart2pol_Pipeline_VITIS_LOOP_30_1 : y_new | {1 }
	Port: cordiccart2pol_Pipeline_VITIS_LOOP_30_1 : x_new | {1 }
	Port: cordiccart2pol_Pipeline_VITIS_LOOP_30_1 : Kvalues | {1 2 }
	Port: cordiccart2pol_Pipeline_VITIS_LOOP_30_1 : angles | {4 5 }
  - Chain level:
	State 1
		store_ln0 : 1
		store_ln0 : 1
		i1_load : 1
		zext_ln30 : 2
		Kvalues_addr : 3
		Kvalues_load : 4
		i : 2
		icmp_ln30 : 2
		store_ln30 : 3
		br_ln30 : 3
	State 2
	State 3
		tmp_4 : 1
		sext_ln41 : 1
		sext_ln42 : 1
		mul_ln41 : 2
		mul_ln42 : 2
	State 4
		angles_load : 1
	State 5
		zext_ln41 : 1
		sub_ln35 : 1
		add_ln36 : 1
		current_theta_1 : 2
		add_ln41 : 1
		sub_ln42 : 1
		current_theta_2 : 2
		current_theta : 3
		tmp : 2
		tmp_1 : 2
		current_y : 3
		tmp_2 : 2
		tmp_3 : 2
		current_x : 3
		store_ln33 : 4
		store_ln33 : 4
		store_ln33 : 4
		write_ln33 : 4
		write_ln33 : 4


============================================================
+ Verbose Summary: Datapath Resource usage 
============================================================

* Functional unit list:
|----------|-----------------------------|---------|---------|---------|
| Operation|       Functional Unit       |   DSP   |    FF   |   LUT   |
|----------|-----------------------------|---------|---------|---------|
|    mul   |          grp_fu_134         |    4    |   165   |    50   |
|          |          grp_fu_138         |    4    |   165   |    50   |
|----------|-----------------------------|---------|---------|---------|
|          |           i_fu_174          |    0    |    0    |    13   |
|    add   |       add_ln36_fu_246       |    0    |    0    |    68   |
|          |       add_ln41_fu_257       |    0    |    0    |    68   |
|          |    current_theta_2_fu_267   |    0    |    0    |    39   |
|----------|-----------------------------|---------|---------|---------|
|          |       sub_ln35_fu_241       |    0    |    0    |    68   |
|    sub   |    current_theta_1_fu_251   |    0    |    0    |    39   |
|          |       sub_ln42_fu_262       |    0    |    0    |    68   |
|----------|-----------------------------|---------|---------|---------|
|          |     current_theta_fu_273    |    0    |    0    |    32   |
|  select  |       current_y_fu_301      |    0    |    0    |    32   |
|          |       current_x_fu_328      |    0    |    0    |    32   |
|----------|-----------------------------|---------|---------|---------|
|   icmp   |       icmp_ln30_fu_180      |    0    |    0    |    13   |
|----------|-----------------------------|---------|---------|---------|
|          |    x_new_read_read_fu_76    |    0    |    0    |    0    |
|   read   |    y_new_read_read_fu_82    |    0    |    0    |    0    |
|          | select_ln18_read_read_fu_88 |    0    |    0    |    0    |
|----------|-----------------------------|---------|---------|---------|
|   write  |    write_ln33_write_fu_94   |    0    |    0    |    0    |
|          |   write_ln33_write_fu_101   |    0    |    0    |    0    |
|----------|-----------------------------|---------|---------|---------|
|          |   select_ln18_cast_fu_142   |    0    |    0    |    0    |
|   sext   |       sext_ln41_fu_205      |    0    |    0    |    0    |
|          |       sext_ln42_fu_210      |    0    |    0    |    0    |
|----------|-----------------------------|---------|---------|---------|
|          |       zext_ln30_fu_169      |    0    |    0    |    0    |
|   zext   |      zext_ln41_1_fu_215     |    0    |    0    |    0    |
|          |       zext_ln41_fu_237      |    0    |    0    |    0    |
|----------|-----------------------------|---------|---------|---------|
| bitselect|         tmp_4_fu_197        |    0    |    0    |    0    |
|----------|-----------------------------|---------|---------|---------|
|bitconcatenate|        shl_ln_fu_223        |    0    |    0    |    0    |
|          |        shl_ln1_fu_230       |    0    |    0    |    0    |
|----------|-----------------------------|---------|---------|---------|
|          |          tmp_fu_281         |    0    |    0    |    0    |
|partselect|         tmp_1_fu_291        |    0    |    0    |    0    |
|          |         tmp_2_fu_308        |    0    |    0    |    0    |
|          |         tmp_3_fu_318        |    0    |    0    |    0    |
|----------|-----------------------------|---------|---------|---------|
|   Total  |                             |    8    |   330   |   572   |
|----------|-----------------------------|---------|---------|---------|

Memories:
N/A

* Register list:
+-------------------------+--------+
|                         |   FF   |
+-------------------------+--------+
|   Kvalues_addr_reg_384  |    4   |
|   Kvalues_load_reg_393  |   30   |
|   angles_addr_reg_431   |    4   |
|  current_theta5_reg_372 |   32   |
|current_x_12_load_reg_398|   32   |
|   current_x_12_reg_358  |   32   |
|current_y_14_load_reg_403|   32   |
|   current_y_14_reg_365  |   32   |
|        i1_reg_351       |    4   |
|    icmp_ln30_reg_389    |    1   |
|     mul_ln41_reg_436    |   61   |
|     mul_ln42_reg_442    |   61   |
|    sext_ln41_reg_415    |   61   |
|    sext_ln42_reg_420    |   61   |
|      tmp_4_reg_408      |    1   |
|    zext_ln30_reg_379    |   64   |
|   zext_ln41_1_reg_425   |   61   |
+-------------------------+--------+
|          Total          |   573  |
+-------------------------+--------+

* Multiplexer (MUX) list: 
|-------------------|------|------|------|--------||---------||---------||---------|
|        Comp       |  Pin | Size |  BW  | S x BW ||  Delay  ||    FF   ||   LUT   |
|-------------------|------|------|------|--------||---------||---------||---------|
| grp_access_fu_115 |  p0  |   2  |   4  |    8   ||    0    ||    9    |
| grp_access_fu_128 |  p0  |   2  |   4  |    8   ||    0    ||    9    |
|     grp_fu_134    |  p0  |   2  |  30  |   60   ||    0    ||    9    |
|     grp_fu_134    |  p1  |   2  |  32  |   64   ||    0    ||    9    |
|     grp_fu_138    |  p0  |   2  |  30  |   60   ||    0    ||    9    |
|     grp_fu_138    |  p1  |   2  |  32  |   64   ||    0    ||    9    |
|-------------------|------|------|------|--------||---------||---------||---------|
|       Total       |      |      |      |   264  ||  9.528  ||    0    ||    54   |
|-------------------|------|------|------|--------||---------||---------||---------|



* Summary:
+-----------+--------+--------+--------+--------+
|           |   DSP  |  Delay |   FF   |   LUT  |
+-----------+--------+--------+--------+--------+
|  Function |    8   |    -   |   330  |   572  |
|   Memory  |    -   |    -   |    -   |    -   |
|Multiplexer|    -   |    9   |    0   |   54   |
|  Register |    -   |    -   |   573  |    -   |
+-----------+--------+--------+--------+--------+
|   Total   |    8   |    9   |   903  |   626  |
+-----------+--------+--------+--------+--------+
