

================================================================
== Vitis HLS Report for 'cordiccart2pol_Pipeline_VITIS_LOOP_30_1'
================================================================
* Date:           Tue Oct 21 19:35:40 2025

* Version:        2024.2 (Build 5238294 on Nov  8 2024)
* Project:        cordiccart2pol.comp
* Solution:       hls (Vivado IP Flow Target)
* Product family: zynq
* Target device:  xc7z020-clg400-1


================================================================
== Performance Estimates
================================================================
+ Timing: 
    * Summary: 
    +--------+----------+----------+------------+
    |  Clock |  Target  | Estimated| Uncertainty|
    +--------+----------+----------+------------+
    |ap_clk  |  10.00 ns|  6.492 ns|     2.70 ns|
    +--------+----------+----------+------------+

+ Latency: 
    * Summary: 
    +---------+---------+----------+----------+-----+-----+------------------------------------------------+
    |  Latency (cycles) |  Latency (absolute) |  Interval |                    Pipeline                    |
    |   min   |   max   |    min   |    max   | min | max |                      Type                      |
    +---------+---------+----------+----------+-----+-----+------------------------------------------------+
    |       34|       34|  0.340 us|  0.340 us|   32|   32|  loop auto-rewind stp (delay=0 clock cycles(s))|
    +---------+---------+----------+----------+-----+-----+------------------------------------------------+

    + Detail: 
        * Instance: 
        N/A

        * Loop: 
        +-------------------+---------+---------+----------+-----------+-----------+------+----------+
        |                   |  Latency (cycles) | Iteration|  Initiation Interval  | Trip |          |
        |     Loop Name     |   min   |   max   |  Latency |  achieved |   target  | Count| Pipelined|
        +-------------------+---------+---------+----------+-----------+-----------+------+----------+
        |- VITIS_LOOP_30_1  |       32|       32|         3|          2|          1|    16|       yes|
        +-------------------+---------+---------+----------+-----------+-----------+------+----------+

============================================================
+ Verbose Summary: Synthesis Manager
============================================================
InlineROM: 1
ExposeGlobal: 0
============================================================
+ Verbose Summary: CDFG Model
============================================================
IsTopModel: 0
ResetActiveHigh: 1
IsCombinational: 0
IsDatapathOnly: 0
HasWiredReturn: 1
HasMFsm: 2
HasVarLatency: 1
IsPipeline: 0
IsRtlPipelined: 0
IsInstanceOverlapped: 0
IsDontTouch: 0
HasImplIP: 0
IsGatedGlobalClock: 0

+ Individual pipeline summary: 
  * Pipeline-0: initiation interval (II) = 2, depth = 3


============================================================
+ Verbose Summary: Schedule
============================================================
* Number of FSM states : 3
* Pipeline : 1
  Pipeline-0 : II = 2, D = 3, States = { 1 2 3 }
* Dataflow Pipeline: 0

* FSM state transitions: 
1 --> 2 
2 --> 3 
3 --> 

* FSM state operations: 

State 1 <SV = 0> <Delay = 4.91>
ST_1 : Operation 6 [1/1] (0.00ns)   --->   "%i1 = alloca i32 1"   --->   Operation 6 'alloca' 'i1' <Predicate = true> <Delay = 0.00>
ST_1 : Operation 7 [1/1] (0.00ns)   --->   "%current_x_12 = alloca i32 1"   --->   Operation 7 'alloca' 'current_x_12' <Predicate = true> <Delay = 0.00>
ST_1 : Operation 8 [1/1] (0.00ns)   --->   "%current_y_14 = alloca i32 1"   --->   Operation 8 'alloca' 'current_y_14' <Predicate = true> <Delay = 0.00>
ST_1 : Operation 9 [1/1] (0.00ns)   --->   "%current_theta5 = alloca i32 1"   --->   Operation 9 'alloca' 'current_theta5' <Predicate = true> <Delay = 0.00>
ST_1 : Operation 10 [1/1] (0.00ns)   --->   "%x_new_read = read i8 @_ssdm_op_Read.ap_auto.i8, i8 %x_new"   --->   Operation 10 'read' 'x_new_read' <Predicate = true> <Delay = 0.00>
ST_1 : Operation 11 [1/1] (0.00ns)   --->   "%y_new_read = read i8 @_ssdm_op_Read.ap_auto.i8, i8 %y_new"   --->   Operation 11 'read' 'y_new_read' <Predicate = true> <Delay = 0.00>
ST_1 : Operation 12 [1/1] (0.00ns)   --->   "%select_ln18_read = read i7 @_ssdm_op_Read.ap_auto.i7, i7 %select_ln18"   --->   Operation 12 'read' 'select_ln18_read' <Predicate = true> <Delay = 0.00>
ST_1 : Operation 13 [1/1] (0.00ns)   --->   "%select_ln18_cast = sext i7 %select_ln18_read"   --->   Operation 13 'sext' 'select_ln18_cast' <Predicate = true> <Delay = 0.00>
ST_1 : Operation 14 [1/1] (1.58ns)   --->   "%store_ln0 = store i8 %select_ln18_cast, i8 %current_theta5"   --->   Operation 14 'store' 'store_ln0' <Predicate = true> <Delay = 1.58>
ST_1 : Operation 15 [1/1] (1.58ns)   --->   "%store_ln0 = store i8 %y_new_read, i8 %current_y_14"   --->   Operation 15 'store' 'store_ln0' <Predicate = true> <Delay = 1.58>
ST_1 : Operation 16 [1/1] (1.58ns)   --->   "%store_ln0 = store i8 %x_new_read, i8 %current_x_12"   --->   Operation 16 'store' 'store_ln0' <Predicate = true> <Delay = 1.58>
ST_1 : Operation 17 [1/1] (1.58ns)   --->   "%store_ln0 = store i4 0, i4 %i1"   --->   Operation 17 'store' 'store_ln0' <Predicate = true> <Delay = 1.58>
ST_1 : Operation 18 [1/1] (0.00ns)   --->   "%br_ln0 = br void %for.body.split_ifconv"   --->   Operation 18 'br' 'br_ln0' <Predicate = true> <Delay = 0.00>
ST_1 : Operation 19 [1/1] (0.00ns)   --->   "%i1_load = load i4 %i1" [cordiccart2pol.cpp:30]   --->   Operation 19 'load' 'i1_load' <Predicate = true> <Delay = 0.00>
ST_1 : Operation 20 [1/1] (0.00ns)   --->   "%zext_ln30 = zext i4 %i1_load" [cordiccart2pol.cpp:30]   --->   Operation 20 'zext' 'zext_ln30' <Predicate = true> <Delay = 0.00>
ST_1 : Operation 21 [1/1] (0.00ns)   --->   "%Kvalues_addr = getelementptr i6 %Kvalues, i64 0, i64 %zext_ln30" [cordiccart2pol.cpp:41]   --->   Operation 21 'getelementptr' 'Kvalues_addr' <Predicate = true> <Delay = 0.00>
ST_1 : Operation 22 [1/1] (0.00ns)   --->   "%angles_addr = getelementptr i5 %angles, i64 0, i64 %zext_ln30" [cordiccart2pol.cpp:43]   --->   Operation 22 'getelementptr' 'angles_addr' <Predicate = true> <Delay = 0.00>
ST_1 : Operation 23 [2/2] (2.32ns)   --->   "%Kvalues_load = load i4 %Kvalues_addr" [cordiccart2pol.cpp:41]   --->   Operation 23 'load' 'Kvalues_load' <Predicate = true> <Delay = 2.32> <CoreInst = "ROM">   --->   Core 94 'ROM' <Latency = 1> <II = 1> <Delay = 2.32> <Storage> <Opcode : 'load'> <Ports = 0> <Width = 6> <Depth = 16> <ROM>
ST_1 : Operation 24 [2/2] (2.32ns)   --->   "%angles_load = load i4 %angles_addr" [cordiccart2pol.cpp:43]   --->   Operation 24 'load' 'angles_load' <Predicate = true> <Delay = 2.32> <CoreInst = "ROM">   --->   Core 94 'ROM' <Latency = 1> <II = 1> <Delay = 2.32> <Storage> <Opcode : 'load'> <Ports = 0> <Width = 5> <Depth = 16> <ROM>
ST_1 : Operation 25 [1/1] (1.73ns)   --->   "%i = add i4 %i1_load, i4 1" [cordiccart2pol.cpp:30]   --->   Operation 25 'add' 'i' <Predicate = true> <Delay = 1.73> <CoreInst = "Adder">   --->   Core 1 'Adder' <Latency = 0> <II = 1> <Delay = 1.73> <FuncUnit> <Opcode : 'add' 'sub'> <InPorts = 2> <OutPorts = 1>
ST_1 : Operation 26 [1/1] (1.73ns)   --->   "%icmp_ln30 = icmp_eq  i4 %i1_load, i4 15" [cordiccart2pol.cpp:30]   --->   Operation 26 'icmp' 'icmp_ln30' <Predicate = true> <Delay = 1.73> <CoreInst = "Cmp">   --->   Core 9 'Cmp' <Latency = 0> <II = 1> <Delay = 1.73> <FuncUnit> <Opcode : 'seteq' 'setne' 'setle' 'setge' 'setlt' 'setgt'> <InPorts = 2> <OutPorts = 1>
ST_1 : Operation 27 [1/1] (1.58ns)   --->   "%store_ln30 = store i4 %i, i4 %i1" [cordiccart2pol.cpp:30]   --->   Operation 27 'store' 'store_ln30' <Predicate = true> <Delay = 1.58>
ST_1 : Operation 28 [1/1] (0.00ns)   --->   "%br_ln30 = br i1 %icmp_ln30, void %for.body.split_ifconv, void %_ZNK13ap_fixed_baseILi8ELi3ELb1EL9ap_q_mode5EL9ap_o_mode3ELi0EEmlILi8ELi3ELb1ELS0_5ELS1_3ELi0EEENS2_5RTypeIXT_EXT0_EXT1_EE4multERKS_IXT_EXT0_EXT1_EXT2_EXT3_EXT4_EE.exit.exitStub" [cordiccart2pol.cpp:30]   --->   Operation 28 'br' 'br_ln30' <Predicate = true> <Delay = 0.00>

State 2 <SV = 1> <Delay = 6.49>
ST_2 : Operation 29 [1/1] (0.00ns)   --->   "%current_x_12_load = load i8 %current_x_12" [cordiccart2pol.cpp:42]   --->   Operation 29 'load' 'current_x_12_load' <Predicate = true> <Delay = 0.00>
ST_2 : Operation 30 [1/1] (0.00ns)   --->   "%current_y_14_load = load i8 %current_y_14" [cordiccart2pol.cpp:41]   --->   Operation 30 'load' 'current_y_14_load' <Predicate = true> <Delay = 0.00>
ST_2 : Operation 31 [1/1] (0.00ns)   --->   "%tmp_4 = bitselect i1 @_ssdm_op_BitSelect.i1.i8.i32, i8 %current_y_14_load, i32 7" [cordiccart2pol.cpp:33]   --->   Operation 31 'bitselect' 'tmp_4' <Predicate = true> <Delay = 0.00>
ST_2 : Operation 32 [1/2] ( I:2.32ns O:2.32ns )   --->   "%Kvalues_load = load i4 %Kvalues_addr" [cordiccart2pol.cpp:41]   --->   Operation 32 'load' 'Kvalues_load' <Predicate = true> <Delay = 2.32> <CoreInst = "ROM">   --->   Core 94 'ROM' <Latency = 1> <II = 1> <Delay = 2.32> <Storage> <Opcode : 'load'> <Ports = 0> <Width = 6> <Depth = 16> <ROM>
ST_2 : Operation 33 [1/2] ( I:2.32ns O:2.32ns )   --->   "%angles_load = load i4 %angles_addr" [cordiccart2pol.cpp:43]   --->   Operation 33 'load' 'angles_load' <Predicate = true> <Delay = 2.32> <CoreInst = "ROM">   --->   Core 94 'ROM' <Latency = 1> <II = 1> <Delay = 2.32> <Storage> <Opcode : 'load'> <Ports = 0> <Width = 5> <Depth = 16> <ROM>
ST_2 : Operation 34 [1/1] (0.00ns)   --->   "%zext_ln41_1 = zext i6 %Kvalues_load" [cordiccart2pol.cpp:41]   --->   Operation 34 'zext' 'zext_ln41_1' <Predicate = true> <Delay = 0.00>
ST_2 : Operation 35 [1/1] (0.00ns)   --->   "%sext_ln41 = sext i8 %current_y_14_load" [cordiccart2pol.cpp:41]   --->   Operation 35 'sext' 'sext_ln41' <Predicate = true> <Delay = 0.00>
ST_2 : Operation 36 [1/1] (0.00ns)   --->   "%sext_ln42 = sext i8 %current_x_12_load" [cordiccart2pol.cpp:42]   --->   Operation 36 'sext' 'sext_ln42' <Predicate = true> <Delay = 0.00>
ST_2 : Operation 37 [1/1] (4.17ns)   --->   "%mul_ln35 = mul i13 %zext_ln41_1, i13 %sext_ln41" [cordiccart2pol.cpp:35]   --->   Operation 37 'mul' 'mul_ln35' <Predicate = true> <Delay = 4.17> <CoreInst = "Multiplier">   --->   Core 3 'Multiplier' <Latency = 0> <II = 1> <Delay = 4.17> <FuncUnit> <Opcode : 'mul'> <InPorts = 2> <OutPorts = 1>
ST_2 : Operation 38 [1/1] (4.17ns)   --->   "%mul_ln36 = mul i13 %zext_ln41_1, i13 %sext_ln42" [cordiccart2pol.cpp:36]   --->   Operation 38 'mul' 'mul_ln36' <Predicate = true> <Delay = 4.17> <CoreInst = "Multiplier">   --->   Core 3 'Multiplier' <Latency = 0> <II = 1> <Delay = 4.17> <FuncUnit> <Opcode : 'mul'> <InPorts = 2> <OutPorts = 1>

State 3 <SV = 2> <Delay = 4.75>
ST_3 : Operation 39 [1/1] (0.00ns)   --->   "%current_theta5_load = load i8 %current_theta5" [cordiccart2pol.cpp:43]   --->   Operation 39 'load' 'current_theta5_load' <Predicate = true> <Delay = 0.00>
ST_3 : Operation 40 [1/1] (0.00ns)   --->   "%specpipeline_ln13 = specpipeline void @_ssdm_op_SpecPipeline, i32 4294967295, i32 0, i32 0, i32 0, void @empty_0" [cordiccart2pol.cpp:13]   --->   Operation 40 'specpipeline' 'specpipeline_ln13' <Predicate = true> <Delay = 0.00>
ST_3 : Operation 41 [1/1] (0.00ns)   --->   "%speclooptripcount_ln13 = speclooptripcount void @_ssdm_op_SpecLoopTripCount, i64 16, i64 16, i64 16" [cordiccart2pol.cpp:13]   --->   Operation 41 'speclooptripcount' 'speclooptripcount_ln13' <Predicate = true> <Delay = 0.00>
ST_3 : Operation 42 [1/1] (0.00ns)   --->   "%specloopname_ln30 = specloopname void @_ssdm_op_SpecLoopName, void @empty_2" [cordiccart2pol.cpp:30]   --->   Operation 42 'specloopname' 'specloopname_ln30' <Predicate = true> <Delay = 0.00>
ST_3 : Operation 43 [1/1] (0.00ns)   --->   "%shl_ln = bitconcatenate i13 @_ssdm_op_BitConcatenate.i13.i8.i5, i8 %current_x_12_load, i5 0" [cordiccart2pol.cpp:41]   --->   Operation 43 'bitconcatenate' 'shl_ln' <Predicate = true> <Delay = 0.00>
ST_3 : Operation 44 [1/1] (0.00ns)   --->   "%shl_ln1 = bitconcatenate i13 @_ssdm_op_BitConcatenate.i13.i8.i5, i8 %current_y_14_load, i5 0" [cordiccart2pol.cpp:42]   --->   Operation 44 'bitconcatenate' 'shl_ln1' <Predicate = true> <Delay = 0.00>
ST_3 : Operation 45 [1/1] (0.00ns)   --->   "%zext_ln41 = zext i5 %angles_load" [cordiccart2pol.cpp:41]   --->   Operation 45 'zext' 'zext_ln41' <Predicate = true> <Delay = 0.00>
ST_3 : Operation 46 [1/1] (1.67ns)   --->   "%sub_ln35 = sub i13 %shl_ln, i13 %mul_ln35" [cordiccart2pol.cpp:35]   --->   Operation 46 'sub' 'sub_ln35' <Predicate = (tmp_4)> <Delay = 1.67> <CoreInst = "Adder">   --->   Core 1 'Adder' <Latency = 0> <II = 1> <Delay = 1.67> <FuncUnit> <Opcode : 'add' 'sub'> <InPorts = 2> <OutPorts = 1>
ST_3 : Operation 47 [1/1] (1.67ns)   --->   "%add_ln36 = add i13 %shl_ln1, i13 %mul_ln36" [cordiccart2pol.cpp:36]   --->   Operation 47 'add' 'add_ln36' <Predicate = (tmp_4)> <Delay = 1.67> <CoreInst = "Adder">   --->   Core 1 'Adder' <Latency = 0> <II = 1> <Delay = 1.67> <FuncUnit> <Opcode : 'add' 'sub'> <InPorts = 2> <OutPorts = 1>
ST_3 : Operation 48 [1/1] (1.91ns)   --->   "%current_theta_1 = sub i8 %current_theta5_load, i8 %zext_ln41" [cordiccart2pol.cpp:37]   --->   Operation 48 'sub' 'current_theta_1' <Predicate = (tmp_4)> <Delay = 1.91> <CoreInst = "Adder">   --->   Core 1 'Adder' <Latency = 0> <II = 1> <Delay = 1.91> <FuncUnit> <Opcode : 'add' 'sub'> <InPorts = 2> <OutPorts = 1>
ST_3 : Operation 49 [1/1] (1.67ns)   --->   "%add_ln41 = add i13 %shl_ln, i13 %mul_ln35" [cordiccart2pol.cpp:41]   --->   Operation 49 'add' 'add_ln41' <Predicate = (!tmp_4)> <Delay = 1.67> <CoreInst = "Adder">   --->   Core 1 'Adder' <Latency = 0> <II = 1> <Delay = 1.67> <FuncUnit> <Opcode : 'add' 'sub'> <InPorts = 2> <OutPorts = 1>
ST_3 : Operation 50 [1/1] (1.67ns)   --->   "%sub_ln42 = sub i13 %shl_ln1, i13 %mul_ln36" [cordiccart2pol.cpp:42]   --->   Operation 50 'sub' 'sub_ln42' <Predicate = (!tmp_4)> <Delay = 1.67> <CoreInst = "Adder">   --->   Core 1 'Adder' <Latency = 0> <II = 1> <Delay = 1.67> <FuncUnit> <Opcode : 'add' 'sub'> <InPorts = 2> <OutPorts = 1>
ST_3 : Operation 51 [1/1] (1.91ns)   --->   "%current_theta_2 = add i8 %zext_ln41, i8 %current_theta5_load" [cordiccart2pol.cpp:43]   --->   Operation 51 'add' 'current_theta_2' <Predicate = (!tmp_4)> <Delay = 1.91> <CoreInst = "Adder">   --->   Core 1 'Adder' <Latency = 0> <II = 1> <Delay = 1.91> <FuncUnit> <Opcode : 'add' 'sub'> <InPorts = 2> <OutPorts = 1>
ST_3 : Operation 52 [1/1] (1.24ns)   --->   "%current_theta = select i1 %tmp_4, i8 %current_theta_1, i8 %current_theta_2" [cordiccart2pol.cpp:33]   --->   Operation 52 'select' 'current_theta' <Predicate = true> <Delay = 1.24> <CoreInst = "Sel">   --->   Core 73 'Sel' <Latency = 0> <II = 1> <Delay = 1.24> <FuncUnit> <Opcode : 'select'> <InPorts = 3> <OutPorts = 1>
ST_3 : Operation 53 [1/1] (0.00ns)   --->   "%tmp = partselect i8 @_ssdm_op_PartSelect.i8.i13.i32.i32, i13 %add_ln36, i32 5, i32 12" [cordiccart2pol.cpp:42]   --->   Operation 53 'partselect' 'tmp' <Predicate = (tmp_4)> <Delay = 0.00>
ST_3 : Operation 54 [1/1] (0.00ns)   --->   "%tmp_1 = partselect i8 @_ssdm_op_PartSelect.i8.i13.i32.i32, i13 %sub_ln42, i32 5, i32 12" [cordiccart2pol.cpp:42]   --->   Operation 54 'partselect' 'tmp_1' <Predicate = (!tmp_4)> <Delay = 0.00>
ST_3 : Operation 55 [1/1] (1.24ns)   --->   "%current_y = select i1 %tmp_4, i8 %tmp, i8 %tmp_1" [cordiccart2pol.cpp:33]   --->   Operation 55 'select' 'current_y' <Predicate = true> <Delay = 1.24> <CoreInst = "Sel">   --->   Core 73 'Sel' <Latency = 0> <II = 1> <Delay = 1.24> <FuncUnit> <Opcode : 'select'> <InPorts = 3> <OutPorts = 1>
ST_3 : Operation 56 [1/1] (0.00ns)   --->   "%tmp_2 = partselect i8 @_ssdm_op_PartSelect.i8.i13.i32.i32, i13 %sub_ln35, i32 5, i32 12" [cordiccart2pol.cpp:41]   --->   Operation 56 'partselect' 'tmp_2' <Predicate = (tmp_4)> <Delay = 0.00>
ST_3 : Operation 57 [1/1] (0.00ns)   --->   "%tmp_3 = partselect i8 @_ssdm_op_PartSelect.i8.i13.i32.i32, i13 %add_ln41, i32 5, i32 12" [cordiccart2pol.cpp:41]   --->   Operation 57 'partselect' 'tmp_3' <Predicate = (!tmp_4)> <Delay = 0.00>
ST_3 : Operation 58 [1/1] (1.24ns)   --->   "%current_x = select i1 %tmp_4, i8 %tmp_2, i8 %tmp_3" [cordiccart2pol.cpp:33]   --->   Operation 58 'select' 'current_x' <Predicate = true> <Delay = 1.24> <CoreInst = "Sel">   --->   Core 73 'Sel' <Latency = 0> <II = 1> <Delay = 1.24> <FuncUnit> <Opcode : 'select'> <InPorts = 3> <OutPorts = 1>
ST_3 : Operation 59 [1/1] (1.58ns)   --->   "%store_ln33 = store i8 %current_theta, i8 %current_theta5" [cordiccart2pol.cpp:33]   --->   Operation 59 'store' 'store_ln33' <Predicate = true> <Delay = 1.58>
ST_3 : Operation 60 [1/1] (1.58ns)   --->   "%store_ln33 = store i8 %current_y, i8 %current_y_14" [cordiccart2pol.cpp:33]   --->   Operation 60 'store' 'store_ln33' <Predicate = true> <Delay = 1.58>
ST_3 : Operation 61 [1/1] (1.58ns)   --->   "%store_ln33 = store i8 %current_x, i8 %current_x_12" [cordiccart2pol.cpp:33]   --->   Operation 61 'store' 'store_ln33' <Predicate = true> <Delay = 1.58>
ST_3 : Operation 62 [1/1] (0.00ns)   --->   "%write_ln33 = write void @_ssdm_op_Write.ap_auto.i8P0A, i8 %current_theta_2_out, i8 %current_theta" [cordiccart2pol.cpp:33]   --->   Operation 62 'write' 'write_ln33' <Predicate = (icmp_ln30)> <Delay = 0.00>
ST_3 : Operation 63 [1/1] (0.00ns)   --->   "%write_ln33 = write void @_ssdm_op_Write.ap_auto.i8P0A, i8 %x_new_1_out, i8 %current_x" [cordiccart2pol.cpp:33]   --->   Operation 63 'write' 'write_ln33' <Predicate = (icmp_ln30)> <Delay = 0.00>
ST_3 : Operation 64 [1/1] (1.58ns)   --->   "%ret_ln0 = ret"   --->   Operation 64 'ret' 'ret_ln0' <Predicate = (icmp_ln30)> <Delay = 1.58>


============================================================
+ Verbose Summary: Timing violations
============================================================
Target clock period: 10.000ns, clock uncertainty: 2.700ns.

 <State 1>: 4.911ns
The critical path consists of the following:
	'store' operation 0 bit ('store_ln0') of constant 0 on local variable 'i1' [19]  (1.588 ns)
	'load' operation 4 bit ('i1_load', cordiccart2pol.cpp:30) on local variable 'i1' [22]  (0.000 ns)
	'add' operation 4 bit ('i', cordiccart2pol.cpp:30) [56]  (1.735 ns)
	'store' operation 0 bit ('store_ln30', cordiccart2pol.cpp:30) of variable 'i', cordiccart2pol.cpp:30 on local variable 'i1' [61]  (1.588 ns)

 <State 2>: 6.492ns
The critical path consists of the following:
	'load' operation 6 bit ('Kvalues_load', cordiccart2pol.cpp:41) on array 'Kvalues' [35]  (2.322 ns)
	'mul' operation 13 bit ('mul_ln35', cordiccart2pol.cpp:35) [41]  (4.170 ns)

 <State 3>: 4.751ns
The critical path consists of the following:
	'load' operation 8 bit ('current_theta5_load', cordiccart2pol.cpp:43) on local variable 'current_theta5' [25]  (0.000 ns)
	'add' operation 8 bit ('current_theta', cordiccart2pol.cpp:43) [48]  (1.915 ns)
	'select' operation 8 bit ('current_theta', cordiccart2pol.cpp:33) [49]  (1.248 ns)
	'store' operation 0 bit ('store_ln33', cordiccart2pol.cpp:33) of variable 'current_theta', cordiccart2pol.cpp:33 on local variable 'current_theta5' [58]  (1.588 ns)


============================================================
+ Verbose Summary: Binding
============================================================
N/A
* FSMD analyzer results:
  - Output states:
 - Input state : 
  - Chain level:
	State 1
	State 2
	State 3


============================================================
+ Verbose Summary: Datapath Resource usage 
============================================================
N/A
